
_____/\\\________/\\\___/\\\\\\\\\______/\\\\\\\\\\\\\\\__/\\\\\\\\\\\\\\\______
_____\///\\\____/\\\/__/\\\\\\\\\\\\\___\ \\\///////////__\ \\\///////////______
________\///\\\/\\\/___/\\\/////////\\\__\ \\\_____________\ \\\________________
___________\///\\\/____\ \\\_______\ \\\__\ \\\\\\\\\\\_____\ \\\\\\\\\\\_______
______________\ \\\_____\ \\\\\\\\\\\\\\\__\ \\\///////______\ \\\///////_______
_______________\ \\\_____\ \\\/////////\\\__\ \\\_____________\ \\\_____________
________________\ \\\_____\ \\\_______\ \\\__\ \\\_____________\ \\\____________
_________________\ \\\_____\ \\\_______\ \\\__\ \\\_____________\ \\\___________
__________________\///______\///________\///___\///______________\///___________

                  Welcome to Yaff 1.6.0 - Yet another force field

                                   Written by
      Toon Verstraelen(1)*, Louis Vanduyfhuys(1) and Steven Vandenbrande(1)

(1) Center for Molecular Modeling, Ghent University Belgium.
* mailto: Toon.Verstraelen@UGent.be

In a not-too-distant future, this program will be renamed to NINJAFF, which
stands for 'NINJAFF is not just another force field code'. Please, bear with us.


    ENV User:           vsc42354
    ENV Platform:       Linux-4.18.0-477.43.1.el8_8.x86_64-x86_64-with-redhat-8.
    ENV                 8-Ootpa
    ENV Time:           2024-03-14T10:59:10.266408
    ENV Python version: 3.7.4 (default, Sep 11 2020, 18:31:13) [GCC 8.3.0]
    ENV YAFF version:   1.6.0
    ENV Current Dir:    /kyukon/data/gent/vo/000/gvo00003/vsc42354/PhD/Projects/
    ENV                 GeometryConstructions/Rasha/Output/PA_TP/Inclination/out
    ENV                 put/12layers/ABCDEF_none
    ENV Command line:   opt.py

  UNITS The following units will be used below:
  UNITS ~~~~~~~~~~~~~~~~~~~~~~~~~~~~~~~~~~~~~~~~~~~~~~~~~~~~~~~~~~~~~~~~~~~~~~~~
  UNITS Kind          Conversion               Format Notation
  UNITS ~~~~~~~~~~~~~~~~~~~~~~~~~~~~~~~~~~~~~~~~~~~~~~~~~~~~~~~~~~~~~~~~~~~~~~~~
  UNITS        energy 3.808799176039228e-04    %10.1f kJ/mol
  UNITS   temperature 1.000000000000000e+00    %10.1f K
  UNITS        length 1.889726133921252e+00    %10.4f A
  UNITS     invlength 5.291772082999999e-01    %10.5f A^-1
  UNITS          area 3.571064861224962e+00    %10.3f A^2
  UNITS        volume 6.748334594184680e+00    %10.3f A^3
  UNITS          time 4.134137333664683e+01    %10.1f fs
  UNITS          mass 1.822888627353289e+03    %10.5f amu
  UNITS        charge 1.000000000000000e+00    %10.5f e
  UNITS         force 2.015529714951779e-04    %10.1f kJ/mol/A
  UNITS    forceconst 1.066572387803877e-04    %10.1f kJ/mol/A**2
  UNITS      velocity 4.571028926719556e-02    %10.5f A/fs
  UNITS  acceleration 1.105679022682005e-03    %10.5f A/fs**2
  UNITS         angle 1.745329251994330e-02    %10.5f deg
  UNITS            c6 1.000000000000000e+00    %10.5f E_h*a_0**6
  UNITS            c8 1.000000000000000e+00    %10.5f E_h*a_0**6
  UNITS           c12 1.000000000000000e+00    %10.5f E_h*a_0**12
  UNITS     diffconst 8.637992821731958e-05    %10.5f A**2/ps
  UNITS       density 1.626726283270276e+02    %10.3f g/cm^3
  UNITS ~~~~~~~~~~~~~~~~~~~~~~~~~~~~~~~~~~~~~~~~~~~~~~~~~~~~~~~~~~~~~~~~~~~~~~~~
  UNITS The internal data is divided by the corresponding conversion factor
  UNITS before it gets printed on screen.

    SYS Unit cell
    SYS ~~~~~~~~~~~~~~~~~~~~~~~~~~~~~~~~~~~~~~~~~~~~~~~~~~~~~~~~~~~~~~~~~~~~~~~~
    SYS Number of periodic dimensions: 3
    SYS Cell parameter     a:    45.3271
    SYS Cell parameter     b:    45.3271
    SYS Cell parameter     c:    36.0000
    SYS Cell parameter alpha:   90.00000
    SYS Cell parameter  beta:   90.00000
    SYS Cell parameter gamma:  120.00000
    SYS ~~~~~~~~~~~~~~~~~~~~~~~~~~~~~~~~~~~~~~~~~~~~~~~~~~~~~~~~~~~~~~~~~~~~~~~~

    SYS Analysis of the bonds:
    SYS ~~~~~~~~~~~~~~~~~~~~~~~~~~~~~~~~~~~~~~~~~~~~~~~~~~~~~~~~~~~~~~~~~~~~~~~~
    SYS  First   Second   Count
    SYS      1        6     864
    SYS      1        7     288
    SYS      6        6    1728
    SYS      6        7     576
    SYS      6        8     288
    SYS ~~~~~~~~~~~~~~~~~~~~~~~~~~~~~~~~~~~~~~~~~~~~~~~~~~~~~~~~~~~~~~~~~~~~~~~~

    SYS Analysis of the neighbors:
    SYS ~~~~~~~~~~~~~~~~~~~~~~~~~~~~~~~~~~~~~~~~~~~~~~~~~~~~~~~~~~~~~~~~~~~~~~~~
    SYS Number of first neighbors:    3744
    SYS Number of second neighbors:   6048
    SYS Number of third neighbors:    8496
    SYS ~~~~~~~~~~~~~~~~~~~~~~~~~~~~~~~~~~~~~~~~~~~~~~~~~~~~~~~~~~~~~~~~~~~~~~~~
    SYS Element   Neighboring elements   Count
    SYS       1                      6     864
    SYS       1                      7     288
    SYS       6                  1,6,6     576
    SYS       6                  1,6,7     288
    SYS       6                  6,6,6     288
    SYS       6                  6,6,7     288
    SYS       6                  6,6,8     288
    SYS       7                  1,6,6     288
    SYS       8                      6     288
    SYS ~~~~~~~~~~~~~~~~~~~~~~~~~~~~~~~~~~~~~~~~~~~~~~~~~~~~~~~~~~~~~~~~~~~~~~~~

    SYS The following atom types are present in the system:
    SYS ~~~~~~~~~~~~~~~~~~~~~~~~~~~~~~~~~~~~~~~~~~~~~~~~~~~~~~~~~~~~~~~~~~~~~~~~
    SYS              Atom type   ID   Number of atoms
    SYS ~~~~~~~~~~~~~~~~~~~~~~~~~~~~~~~~~~~~~~~~~~~~~~~~~~~~~~~~~~~~~~~~~~~~~~~~
    SYS                C_C3_TP    0       288
    SYS               C_C2O_TP    1       288
    SYS                   O_TP    2       288
    SYS               C_HCN_TP    3       288
    SYS              H_C_CN_TP    4       288
    SYS           C_C2N_0_PA11    5       288
    SYS      C_HC2_HC2N_0_PA11    6       576
    SYS          H_C_C2_0_PA11    7       576
    SYS               N_0_PA11    8       288
    SYS             H_N_0_PA11    9       288
    SYS ~~~~~~~~~~~~~~~~~~~~~~~~~~~~~~~~~~~~~~~~~~~~~~~~~~~~~~~~~~~~~~~~~~~~~~~~


    GEN Generating force field from pars.txt

 FPINIT Force part: valence
 FPINIT ~~~~~~~~~~~~~~~~~~~~~~~~~~~~~~~~~~~~~~~~~~~~~~~~~~~~~~~~~~~~~~~~~~~~~~~~
 FPINIT Force part: pair_ei
 FPINIT ~~~~~~~~~~~~~~~~~~~~~~~~~~~~~~~~~~~~~~~~~~~~~~~~~~~~~~~~~~~~~~~~~~~~~~~~
 FPINIT   scalings:          1.000 1.000 1.000
 FPINIT   real space cutoff:    15.0000
 FPINIT   truncation:     switch3     4.0000
 FPINIT   alpha:                    0.19067
 FPINIT   relative permittivity: 1.000
 FPINIT ~~~~~~~~~~~~~~~~~~~~~~~~~~~~~~~~~~~~~~~~~~~~~~~~~~~~~~~~~~~~~~~~~~~~~~~~
 FPINIT Force part: ewald_reci
 FPINIT ~~~~~~~~~~~~~~~~~~~~~~~~~~~~~~~~~~~~~~~~~~~~~~~~~~~~~~~~~~~~~~~~~~~~~~~~
 FPINIT   alpha:                    0.19067
 FPINIT   gcut:                     0.19067
 FPINIT   relative permittivity: 1.000
 FPINIT ~~~~~~~~~~~~~~~~~~~~~~~~~~~~~~~~~~~~~~~~~~~~~~~~~~~~~~~~~~~~~~~~~~~~~~~~
 FPINIT Force part: ewald_cor
 FPINIT ~~~~~~~~~~~~~~~~~~~~~~~~~~~~~~~~~~~~~~~~~~~~~~~~~~~~~~~~~~~~~~~~~~~~~~~~
 FPINIT   alpha:                0.19067
 FPINIT   relative permittivity   1.000
 FPINIT   scalings:          1.000 1.000 1.000
 FPINIT ~~~~~~~~~~~~~~~~~~~~~~~~~~~~~~~~~~~~~~~~~~~~~~~~~~~~~~~~~~~~~~~~~~~~~~~~
 FPINIT Force part: ewald_neut
 FPINIT ~~~~~~~~~~~~~~~~~~~~~~~~~~~~~~~~~~~~~~~~~~~~~~~~~~~~~~~~~~~~~~~~~~~~~~~~
 FPINIT   alpha:                      0.19067
 FPINIT   relative permittivity:   1.000
 FPINIT ~~~~~~~~~~~~~~~~~~~~~~~~~~~~~~~~~~~~~~~~~~~~~~~~~~~~~~~~~~~~~~~~~~~~~~~~
 FPINIT Force part: pair_mm3
 FPINIT ~~~~~~~~~~~~~~~~~~~~~~~~~~~~~~~~~~~~~~~~~~~~~~~~~~~~~~~~~~~~~~~~~~~~~~~~
 FPINIT   scalings:          0.000 0.000 1.000
 FPINIT   real space cutoff:    15.0000
 FPINIT   truncation:     switch3     4.0000
 FPINIT ~~~~~~~~~~~~~~~~~~~~~~~~~~~~~~~~~~~~~~~~~~~~~~~~~~~~~~~~~~~~~~~~~~~~~~~~
 FPINIT Force part: tailcorr_pair_mm3
 FPINIT ~~~~~~~~~~~~~~~~~~~~~~~~~~~~~~~~~~~~~~~~~~~~~~~~~~~~~~~~~~~~~~~~~~~~~~~~

 FFINIT Force field with 7 parts: valence, pair_ei, ewald_reci, ewald_cor,
 FFINIT                           ewald_neut, pair_mm3, tailcorr_pair_mm3.
 FFINIT Neighborlist present: True

  CGOPT ~~~~~~~~~~~~~~~~~~~~~~~~~~~~~~~~~~~~~~~~~~~~~~~~~~~~~~~~~~~~~~~~~~~~~~~~
  CGOPT Conv.val. = the highest ratio of a convergence criterion over its
  CGOPT             threshold.
  CGOPT N         = the number of convergence criteria that is not met.
  CGOPT Worst     = the name of the convergence criterion that is worst.
  CGOPT counter  Conv.val.  N           Worst     Energy   Walltime
  CGOPT ~~~~~~~~~~~~~~~~~~~~~~~~~~~~~~~~~~~~~~~~~~~~~~~~~~~~~~~~~~~~~~~~~~~~~~~~
  CGOPT       0  2.000e+00 -1      first_step  -223683.9        0.0
  CGOPT       1  1.434e+04  8      grvecs_rms  -224803.2        2.8
  CGOPT       2  1.572e+04  8      grvecs_rms  -225156.2        5.6
  CGOPT       3  1.406e+04  8      grvecs_rms  -226070.0        8.4
  CGOPT       4  1.065e+04  8      grvecs_rms  -226653.2       11.2
  CGOPT       5  1.105e+04  8      grvecs_rms  -227100.6       13.9
  CGOPT       6  5.245e+03  8      grvecs_rms  -227344.4       16.7
  CGOPT       7  9.408e+03  8      grvecs_rms  -227575.4       19.5
  CGOPT       8  6.106e+03  8      grvecs_rms  -227770.4       22.2
  CGOPT       9  4.926e+03  8      grvecs_rms  -227850.4       24.9
  CGOPT      10  2.690e+03  8      grvecs_rms  -227942.0       27.7
  CGOPT      11  2.362e+03  8      grvecs_rms  -227996.8       30.5
  CGOPT      12  1.321e+03  8      grvecs_rms  -228043.5       33.2
  CGOPT      13  2.916e+03  8      grvecs_rms  -228074.2       36.0
  CGOPT      14  2.983e+03  8      grvecs_rms  -228097.0       38.7
  CGOPT      15  1.721e+03  8      grvecs_rms  -228120.0       41.5
  CGOPT      16  8.334e+02  8      grvecs_rms  -228131.2       44.3
  CGOPT      17  1.104e+03  8      grvecs_rms  -228140.4       47.0
  CGOPT      18  7.694e+02  8      grvecs_rms  -228149.8       49.8
  CGOPT      19  1.258e+03  8      grvecs_rms  -228166.0       52.5
  CGOPT      20  7.132e+02  8      grvecs_rms  -228174.1       55.2
  CGOPT      21  9.063e+02  8      grvecs_rms  -228184.7       58.0
  CGOPT      22  8.214e+02  8      grvecs_rms  -228194.1       60.7
  CGOPT      23  7.626e+02  8      grvecs_rms  -228199.7       63.5
  CGOPT      24  7.025e+02  8      grvecs_rms  -228209.5       66.3
  CGOPT      25  1.064e+03  8      grvecs_rms  -228217.7       69.0
  CGOPT      26  1.102e+03  8      grvecs_rms  -228229.8       71.7
  CGOPT      27  1.368e+03  8      grvecs_rms  -228242.4       74.5
  CGOPT      28  1.334e+03  8      grvecs_rms  -228259.7       77.2
  CGOPT      29  1.257e+03  8      grvecs_rms  -228274.7       80.0
  CGOPT      30  1.459e+03  8      grvecs_rms  -228290.9       82.7
  CGOPT      31  1.740e+03  8      grvecs_rms  -228302.3       85.5
  CGOPT      32  1.341e+03  8      grvecs_rms  -228319.6       88.2
  CGOPT      33  1.369e+03  8      grvecs_rms  -228331.7       91.0
  CGOPT      34  1.141e+03  8      grvecs_rms  -228345.2       93.7
  CGOPT      35  9.217e+02  8      grvecs_rms  -228355.6       96.5
  CGOPT      36  1.030e+03  8      grvecs_rms  -228371.4       99.3
  CGOPT      37  7.138e+02  8      grvecs_rms  -228381.7      102.0
  CGOPT      38  5.992e+02  8      grvecs_rms  -228390.8      104.8
  CGOPT      39  6.484e+02  8      grvecs_rms  -228396.5      107.5
  CGOPT      40  4.372e+02  8      grvecs_rms  -228401.1      110.2
  CGOPT      41  4.906e+02  8      grvecs_rms  -228405.7      113.0
  CGOPT      42  4.395e+02  8      grvecs_rms  -228409.7      115.8
  CGOPT      43  4.504e+02  8      grvecs_rms  -228413.4      118.6
  CGOPT      44  2.180e+02  8      grvecs_rms  -228416.9      121.3
  CGOPT      45  3.489e+02  8      grvecs_rms  -228419.2      124.0
  CGOPT      46  2.643e+02  8      grvecs_rms  -228422.3      126.8
  CGOPT      47  2.843e+02  8      grvecs_rms  -228425.8      129.6
  CGOPT      48  3.878e+02  8      grvecs_rms  -228429.8      132.3
  CGOPT      49  3.745e+02  8      grvecs_rms  -228432.8      135.1
  CGOPT      50  4.050e+02  8      grvecs_rms  -228434.9      137.9
  CGOPT      51  4.404e+02  8      grvecs_rms  -228437.8      140.6
  CGOPT      52  7.067e+02  8      grvecs_rms  -228442.3      143.4
  CGOPT      53  4.561e+02  8      grvecs_rms  -228447.3      146.1
  CGOPT      54  6.819e+02  8      grvecs_rms  -228451.9      148.9
  CGOPT      55  5.571e+02  8      grvecs_rms  -228456.2      151.7
  CGOPT      56  6.916e+02  8      grvecs_rms  -228462.0      154.4
  CGOPT      57  5.274e+02  8      grvecs_rms  -228466.4      157.2
  CGOPT      58  5.012e+02  8      grvecs_rms  -228471.5      159.9
  CGOPT      59  5.281e+02  8      grvecs_rms  -228475.2      162.7
  CGOPT      60  5.872e+02  8      grvecs_rms  -228481.6      165.5
  CGOPT      61  5.487e+02  8      grvecs_rms  -228487.3      168.3
  CGOPT      62  5.452e+02  8      grvecs_rms  -228490.4      171.0
  CGOPT      63  4.733e+02  8      grvecs_rms  -228495.0      173.8
  CGOPT      64  5.961e+02  8      grvecs_rms  -228498.1      176.5
  CGOPT      65  3.927e+02  8      grvecs_rms  -228501.3      179.3
  CGOPT      66  4.462e+02  8      grvecs_rms  -228503.7      182.1
  CGOPT      67  3.707e+02  8      grvecs_rms  -228506.7      184.9
  CGOPT      68  4.080e+02  8      grvecs_rms  -228509.0      187.6
  CGOPT      69  2.890e+02  8      grvecs_rms  -228511.2      190.4
  CGOPT      70  2.068e+02  8      grvecs_rms  -228513.2      193.2
  CGOPT      71  2.465e+02  8      grvecs_rms  -228514.8      195.9
  CGOPT      72  3.156e+02  8      grvecs_rms  -228516.5      198.7
  CGOPT      73  3.982e+02  8      grvecs_rms  -228518.3      201.4
  CGOPT      74  5.508e+02  8      grvecs_rms  -228520.3      204.2
  CGOPT      75  3.617e+02  8      grvecs_rms  -228522.7      207.0
  CGOPT      76  5.371e+02  8      grvecs_rms  -228525.4      209.7
  CGOPT      77  4.907e+02  8      grvecs_rms  -228528.0      212.5
  CGOPT      78  4.724e+02  8      grvecs_rms  -228530.8      215.1
  CGOPT      79  5.130e+02  8      grvecs_rms  -228533.1      217.9
  CGOPT      80  5.130e+02  8      grvecs_rms  -228535.7      220.7
  CGOPT      81  5.030e+02  8      grvecs_rms  -228537.8      223.5
  CGOPT      82  7.489e+02  8      grvecs_rms  -228540.0      226.3
  CGOPT      83  2.917e+02  8      grvecs_rms  -228542.1      229.0
  CGOPT      84  5.721e+02  8      grvecs_rms  -228543.7      231.8
  CGOPT      85  3.375e+02  8      grvecs_rms  -228545.7      234.5
  CGOPT      86  2.824e+02  8      grvecs_rms  -228547.9      237.3
  CGOPT      87  1.625e+02  8      grvecs_rms  -228549.7      240.1
  CGOPT      88  3.732e+02  8      grvecs_rms  -228551.6      242.9
  CGOPT      89  1.606e+02  8      grvecs_rms  -228553.2      245.6
  CGOPT      90  3.560e+02  8      grvecs_rms  -228554.2      248.4
  CGOPT      91  2.523e+02  8      grvecs_rms  -228555.1      251.1
  CGOPT      92  3.123e+02  8      grvecs_rms  -228555.9      253.9
  CGOPT      93  2.475e+02  8      grvecs_rms  -228556.6      256.7
  CGOPT      94  2.043e+02  8      grvecs_rms  -228557.3      259.5
  CGOPT      95  1.674e+02  8      grvecs_rms  -228558.4      262.2
  CGOPT      96  2.504e+02  8      grvecs_rms  -228559.2      265.0
  CGOPT      97  1.788e+02  8      grvecs_rms  -228560.3      267.7
  CGOPT      98  2.213e+02  8      grvecs_rms  -228561.1      270.5
  CGOPT      99  2.195e+02  8      grvecs_rms  -228561.9      273.3
  CGOPT     100  2.182e+02  8      grvecs_rms  -228563.1      276.1
  CGOPT     101  1.887e+02  8      grvecs_rms  -228563.8      278.8
  CGOPT     102  2.233e+02  8      grvecs_rms  -228565.1      281.6
  CGOPT     103  1.441e+02  8      grvecs_rms  -228566.2      284.4
  CGOPT     104  2.493e+02  8      grvecs_rms  -228568.2      287.1
  CGOPT     105  2.819e+02  8      grvecs_rms  -228569.3      289.9
  CGOPT     106  5.782e+02  8      grvecs_rms  -228571.0      292.7
  CGOPT     107  2.130e+02  8      grvecs_rms  -228572.6      295.4
  CGOPT     108  3.735e+02  8      grvecs_rms  -228574.1      298.2
  CGOPT     109  2.830e+02  8      grvecs_rms  -228575.3      301.0
  CGOPT     110  2.489e+02  8      grvecs_rms  -228577.2      303.7
  CGOPT     111  2.215e+02  8      grvecs_rms  -228578.9      306.5
  CGOPT     112  2.815e+02  8      grvecs_rms  -228580.3      309.3
  CGOPT     113  1.331e+02  8      grvecs_rms  -228581.3      312.1
  CGOPT     114  2.423e+02  8      grvecs_rms  -228582.4      314.9
  CGOPT     115  1.165e+02  8      grvecs_rms  -228583.6      317.6
  CGOPT     116  1.846e+02  8      grvecs_rms  -228584.7      320.3
  CGOPT     117  1.602e+02  8      grvecs_rms  -228585.7      323.1
  CGOPT     118  2.502e+02  8      grvecs_rms  -228586.4      325.9
  CGOPT     119  1.539e+02  8      grvecs_rms  -228587.1      328.7
  CGOPT     120  1.990e+02  8      grvecs_rms  -228587.8      331.5
  CGOPT     121  2.028e+02  8      grvecs_rms  -228588.5      334.2
  CGOPT     122  2.079e+02  8      grvecs_rms  -228589.2      337.0
  CGOPT     123  2.028e+02  8      grvecs_rms  -228589.9      339.8
  CGOPT     124  1.884e+02  8      grvecs_rms  -228590.4      342.6
  CGOPT     125  1.666e+02  8      grvecs_rms  -228590.8      345.3
  CGOPT     126  1.837e+02  8      grvecs_rms  -228591.3      348.1
  CGOPT     127  7.275e+01  8      grvecs_rms  -228592.0      350.9
  CGOPT     128  1.105e+02  8      grvecs_rms  -228592.7      353.6
  CGOPT     129  1.091e+02  8      grvecs_rms  -228593.3      356.4
  CGOPT     130  8.810e+01  8      grvecs_rms  -228593.8      359.2
  CGOPT     131  1.451e+02  8      grvecs_rms  -228594.3      362.0
  CGOPT     132  1.223e+02  8      grvecs_rms  -228594.8      364.8
  CGOPT     133  6.295e+01  8      grvecs_rms  -228595.2      367.5
  CGOPT     134  1.190e+02  8      grvecs_rms  -228595.5      370.3
  CGOPT     135  1.274e+02  8      grvecs_rms  -228595.9      373.1
  CGOPT     136  6.568e+01  8      grvecs_rms  -228596.3      375.9
  CGOPT     137  1.098e+02  8      grvecs_rms  -228596.7      378.7
  CGOPT     138  8.028e+01  8      grvecs_rms  -228597.0      381.5
  CGOPT     139  1.116e+02  8      grvecs_rms  -228597.3      384.3
  CGOPT     140  6.702e+01  7      grvecs_rms  -228597.5      387.0
  CGOPT     141  1.065e+02  7      grvecs_rms  -228597.8      389.8
  CGOPT     142  5.689e+01  7      grvecs_rms  -228598.0      392.6
  CGOPT     143  6.250e+01  7      grvecs_rms  -228598.1      395.3
  CGOPT     144  7.467e+01  7      grvecs_rms  -228598.3      397.9
  CGOPT     145  8.530e+01  7      grvecs_rms  -228598.4      400.6
  CGOPT     146  9.880e+01  8      grvecs_rms  -228598.5      403.2
  CGOPT     147  7.833e+01  8      grvecs_rms  -228598.7      405.9
  CGOPT     148  9.986e+01  8      grvecs_rms  -228598.8      408.5
  CGOPT     149  4.019e+01  8      grvecs_rms  -228598.9      411.0
  CGOPT     150  1.016e+02  8      grvecs_rms  -228599.1      413.5
  CGOPT     151  3.175e+01  8      grvecs_rms  -228599.2      416.1
  CGOPT     152  9.028e+01  8      grvecs_rms  -228599.3      418.6
  CGOPT     153  5.601e+01  8      grvecs_rms  -228599.5      421.1
  CGOPT     154  5.992e+01  8      grvecs_rms  -228599.7      423.6
  CGOPT     155  5.868e+01  8      grvecs_rms  -228599.8      426.2
  CGOPT     156  6.905e+01  8      grvecs_rms  -228599.9      428.7
  CGOPT     157  6.899e+01  8      grvecs_rms  -228600.1      431.2
  CGOPT     158  7.284e+01  8      grvecs_rms  -228600.2      433.7
  CGOPT     159  8.955e+01  8      grvecs_rms  -228600.4      436.2
  CGOPT     160  6.533e+01  8      grvecs_rms  -228600.5      438.8
  CGOPT     161  7.134e+01  8      grvecs_rms  -228600.6      441.3
  CGOPT     162  6.514e+01  8      grvecs_rms  -228600.7      443.8
  CGOPT     163  5.160e+01  8      grvecs_rms  -228600.8      446.3
  CGOPT     164  6.652e+01  8      grvecs_rms  -228600.9      448.8
  CGOPT     165  6.522e+01  8      grvecs_rms  -228601.0      451.3
  CGOPT     166  5.042e+01  8      grvecs_rms  -228601.1      453.9
  CGOPT     167  6.480e+01  8      grvecs_rms  -228601.2      456.4
  CGOPT     168  4.958e+01  8      grvecs_rms  -228601.2      458.9
  CGOPT     169  5.586e+01  8      grvecs_rms  -228601.3      461.4
  CGOPT     170  3.522e+01  8      grvecs_rms  -228601.3      463.9
  CGOPT     171  4.046e+01  8      grvecs_rms  -228601.4      466.4
  CGOPT     172  4.139e+01  8      grvecs_rms  -228601.5      468.9
  CGOPT     173  3.673e+01  8      grvecs_rms  -228601.5      471.5
  CGOPT     174  8.193e+01  8      grvecs_rms  -228601.6      474.0
  CGOPT     175  4.661e+01  8      grvecs_rms  -228601.6      476.6
  CGOPT     176  5.572e+01  8      grvecs_rms  -228601.7      479.1
  CGOPT     177  5.055e+01  8      grvecs_rms  -228601.8      481.6
  CGOPT     178  6.856e+01  8      grvecs_rms  -228601.8      484.1
  CGOPT     179  4.578e+01  8      grvecs_rms  -228601.9      486.6
  CGOPT     180  5.766e+01  8      grvecs_rms  -228602.0      489.1
  CGOPT     181  5.033e+01  8      grvecs_rms  -228602.1      491.6
  CGOPT     182  5.278e+01  8      grvecs_rms  -228602.1      494.1
  CGOPT     183  4.300e+01  8      grvecs_rms  -228602.2      496.7
  CGOPT     184  5.754e+01  8      grvecs_rms  -228602.3      499.2
  CGOPT     185  4.645e+01  8      grvecs_rms  -228602.3      501.7
  CGOPT     186  6.644e+01  8      grvecs_rms  -228602.4      504.2
  CGOPT     187  4.708e+01  8      grvecs_rms  -228602.5      506.7
  CGOPT     188  7.443e+01  8      grvecs_rms  -228602.5      509.2
  CGOPT     189  3.478e+01  8      grvecs_rms  -228602.6      511.8
  CGOPT     190  9.017e+01  8      grvecs_rms  -228602.7      514.3
  CGOPT     191  3.164e+01  8      grvecs_rms  -228602.7      516.8
  CGOPT     192  5.326e+01  8      grvecs_rms  -228602.7      519.3
  CGOPT     193  2.148e+01  8      grvecs_rms  -228602.8      521.8
  CGOPT     194  7.492e+01  8      grvecs_rms  -228602.8      524.3
  CGOPT     195  2.241e+01  8      grvecs_rms  -228602.9      526.9
  CGOPT     196  6.009e+01  8      grvecs_rms  -228602.9      529.4
  CGOPT     197  5.002e+01  8      grvecs_rms  -228603.0      531.9
  CGOPT     198  5.770e+01  8      grvecs_rms  -228603.1      534.4
  CGOPT     199  3.551e+01  8      grvecs_rms  -228603.1      536.9
  CGOPT     200  6.485e+01  8      grvecs_rms  -228603.2      539.4
  CGOPT     201  7.686e+01  8      grvecs_rms  -228603.3      542.0
  CGOPT     202  4.487e+01  8      grvecs_rms  -228603.4      544.5
  CGOPT     203  6.098e+01  8      grvecs_rms  -228603.4      547.0
  CGOPT     204  6.081e+01  8      grvecs_rms  -228603.5      549.5
  CGOPT     205  4.782e+01  8      grvecs_rms  -228603.6      552.1
  CGOPT     206  6.472e+01  8      grvecs_rms  -228603.7      554.6
  CGOPT     207  4.961e+01  8      grvecs_rms  -228603.8      557.1
  CGOPT     208  5.339e+01  8      grvecs_rms  -228603.9      559.6
  CGOPT     209  4.802e+01  8      grvecs_rms  -228603.9      562.1
  CGOPT     210  2.879e+01  8      grvecs_rms  -228604.0      564.7
  CGOPT     211  4.369e+01  8      grvecs_rms  -228604.1      567.2
  CGOPT     212  2.418e+01  8      grvecs_rms  -228604.1      569.7
  CGOPT     213  4.619e+01  8      grvecs_rms  -228604.2      572.2
  CGOPT     214  4.241e+01  8      grvecs_rms  -228604.3      574.7
  CGOPT     215  2.237e+01  8      grvecs_rms  -228604.3      577.2
  CGOPT     216  5.843e+01  8      grvecs_rms  -228604.4      579.7
  CGOPT     217  2.536e+01  8      grvecs_rms  -228604.4      582.3
  CGOPT     218  5.293e+01  8      grvecs_rms  -228604.5      584.8
  CGOPT     219  4.035e+01  8      grvecs_rms  -228604.6      587.3
  CGOPT     220  5.693e+01  8      grvecs_rms  -228604.6      589.8
  CGOPT     221  4.385e+01  8      grvecs_rms  -228604.7      592.3
  CGOPT     222  4.284e+01  8      grvecs_rms  -228604.7      594.8
  CGOPT     223  4.607e+01  8      grvecs_rms  -228604.8      597.4
  CGOPT     224  4.969e+01  8      grvecs_rms  -228604.9      599.9
  CGOPT     225  8.762e+01  8      grvecs_rms  -228605.0      602.4
  CGOPT     226  5.026e+01  8      grvecs_rms  -228605.1      604.9
  CGOPT     227  4.481e+01  8      grvecs_rms  -228605.2      607.4
  CGOPT     228  3.894e+01  8      grvecs_rms  -228605.3      609.9
  CGOPT     229  4.405e+01  8      grvecs_rms  -228605.3      612.5
  CGOPT     230  7.685e+01  8      grvecs_rms  -228605.4      615.0
  CGOPT     231  3.684e+01  8      grvecs_rms  -228605.5      617.5
  CGOPT     232  4.673e+01  8      grvecs_rms  -228605.6      620.0
  CGOPT     233  5.219e+01  8      grvecs_rms  -228605.7      622.5
  CGOPT     234  3.713e+01  8      grvecs_rms  -228605.8      625.0
  CGOPT     235  3.167e+01  8      grvecs_rms  -228605.9      627.5
  CGOPT     236  3.428e+01  8      grvecs_rms  -228606.0      630.1
  CGOPT     237  3.150e+01  8      grvecs_rms  -228606.1      632.6
  CGOPT     238  2.752e+01  8      grvecs_rms  -228606.1      635.1
  CGOPT     239  4.412e+01  8      grvecs_rms  -228606.2      637.6
  CGOPT     240  4.633e+01  8      grvecs_rms  -228606.2      640.2
  CGOPT     241  3.443e+01  8      grvecs_rms  -228606.3      642.7
  CGOPT     242  6.999e+01  8      grvecs_rms  -228606.4      645.2
  CGOPT     243  2.798e+01  8      grvecs_rms  -228606.4      647.7
  CGOPT     244  5.027e+01  8      grvecs_rms  -228606.5      650.2
  CGOPT     245  4.472e+01  8      grvecs_rms  -228606.6      652.7
  CGOPT     246  3.230e+01  8      grvecs_rms  -228606.6      655.3
  CGOPT     247  3.381e+01  8      grvecs_rms  -228606.7      657.8
  CGOPT     248  4.683e+01  8      grvecs_rms  -228606.8      660.3
  CGOPT     249  3.193e+01  8      grvecs_rms  -228606.8      662.8
  CGOPT     250  6.171e+01  8      grvecs_rms  -228606.9      665.3
  CGOPT     251  5.235e+01  8      grvecs_rms  -228607.0      667.8
  CGOPT     252  4.570e+01  8      grvecs_rms  -228607.1      670.4
  CGOPT     253  2.659e+01  8      grvecs_rms  -228607.2      672.9
  CGOPT     254  3.045e+01  8      grvecs_rms  -228607.3      675.4
  CGOPT     255  2.471e+01  8      grvecs_rms  -228607.3      677.9
  CGOPT     256  5.050e+01  8      grvecs_rms  -228607.4      680.4
  CGOPT     257  5.690e+01  8      grvecs_rms  -228607.5      682.9
  CGOPT     258  4.030e+01  8      grvecs_rms  -228607.6      685.5
  CGOPT     259  4.489e+01  8      grvecs_rms  -228607.6      688.0
  CGOPT     260  5.831e+01  8      grvecs_rms  -228607.7      690.5
  CGOPT     261  3.972e+01  8      grvecs_rms  -228607.8      693.0
  CGOPT     262  5.536e+01  8      grvecs_rms  -228607.9      695.5
  CGOPT     263  3.071e+01  8      grvecs_rms  -228607.9      698.0
  CGOPT     264  7.089e+01  8      grvecs_rms  -228608.0      700.6
  CGOPT     265  2.963e+01  8      grvecs_rms  -228608.1      703.1
  CGOPT     266  6.409e+01  8      grvecs_rms  -228608.2      705.6
  CGOPT     267  3.050e+01  8      grvecs_rms  -228608.3      708.1
  CGOPT     268  4.785e+01  8      grvecs_rms  -228608.4      710.7
  CGOPT     269  2.764e+01  8      grvecs_rms  -228608.5      713.2
  CGOPT     270  6.428e+01  8      grvecs_rms  -228608.5      715.7
  CGOPT     271  2.730e+01  8      grvecs_rms  -228608.6      718.2
  CGOPT     272  1.115e+02  8      grvecs_rms  -228608.7      720.7
  CGOPT     273  3.447e+01  8      grvecs_rms  -228608.8      723.3
  CGOPT     274  7.838e+01  8      grvecs_rms  -228608.9      725.8
  CGOPT     275  3.169e+01  8      grvecs_rms  -228609.0      728.3
  CGOPT     276  1.041e+02  8      grvecs_rms  -228609.1      730.8
  CGOPT     277  5.279e+01  8      grvecs_rms  -228609.3      733.3
  CGOPT     278  9.550e+01  8      grvecs_rms  -228609.4      735.8
  CGOPT     279  7.245e+01  8      grvecs_rms  -228609.5      738.4
  CGOPT     280  7.179e+01  8      grvecs_rms  -228609.5      740.9
  CGOPT     281  7.766e+01  8      grvecs_rms  -228609.6      743.4
  CGOPT     282  5.719e+01  8      grvecs_rms  -228609.7      745.9
  CGOPT     283  6.915e+01  8      grvecs_rms  -228609.8      748.4
  CGOPT     284  6.259e+01  8      grvecs_rms  -228609.9      750.9
  CGOPT     285  7.503e+01  8      grvecs_rms  -228609.9      753.4
  CGOPT     286  7.226e+01  8      grvecs_rms  -228610.0      756.0
  CGOPT     287  5.338e+01  8      grvecs_rms  -228610.1      758.5
  CGOPT     288  6.297e+01  8      grvecs_rms  -228610.2      761.0
  CGOPT     289  5.952e+01  8      grvecs_rms  -228610.2      763.5
  CGOPT     290  5.033e+01  8      grvecs_rms  -228610.3      766.0
  CGOPT     291  6.283e+01  8      grvecs_rms  -228610.3      768.5
  CGOPT     292  3.419e+01  8      grvecs_rms  -228610.4      771.0
  CGOPT     293  4.407e+01  8      grvecs_rms  -228610.5      773.6
  CGOPT     294  3.142e+01  8      grvecs_rms  -228610.6      776.1
  CGOPT     295  4.721e+01  8      grvecs_rms  -228610.6      778.6
  CGOPT     296  2.700e+01  8      grvecs_rms  -228610.7      781.1
  CGOPT     297  5.049e+01  8      grvecs_rms  -228610.8      783.6
  CGOPT     298  5.874e+01  8      grvecs_rms  -228610.9      786.1
  CGOPT     299  5.233e+01  8      grvecs_rms  -228611.0      788.6
  CGOPT     300  2.935e+01  8      grvecs_rms  -228611.0      791.2
  CGOPT     301  4.393e+01  8      grvecs_rms  -228611.1      793.7
  CGOPT     302  3.698e+01  8      grvecs_rms  -228611.2      796.2
  CGOPT     303  4.704e+01  8      grvecs_rms  -228611.3      798.7
  CGOPT     304  5.553e+01  8      grvecs_rms  -228611.4      801.3
  CGOPT     305  4.214e+01  8      grvecs_rms  -228611.5      803.8
  CGOPT     306  4.094e+01  8      grvecs_rms  -228611.5      806.3
  CGOPT     307  6.612e+01  8      grvecs_rms  -228611.6      808.8
  CGOPT     308  2.495e+01  8      grvecs_rms  -228611.7      811.3
  CGOPT     309  3.246e+01  8      grvecs_rms  -228611.7      813.9
  CGOPT     310  3.078e+01  8      grvecs_rms  -228611.8      816.4
  CGOPT     311  2.248e+01  8      grvecs_rms  -228611.8      818.9
  CGOPT     312  2.722e+01  8      grvecs_rms  -228611.9      821.4
  CGOPT     313  1.339e+01  8      grvecs_rms  -228611.9      823.9
  CGOPT     314  3.596e+01  8      grvecs_rms  -228612.0      826.5
  CGOPT     315  3.500e+01  8      grvecs_rms  -228612.0      829.0
  CGOPT     316  2.583e+01  8      grvecs_rms  -228612.1      831.5
  CGOPT     317  3.838e+01  8      grvecs_rms  -228612.2      834.0
  CGOPT     318  2.951e+01  8      grvecs_rms  -228612.2      836.6
  CGOPT     319  3.248e+01  7      grvecs_rms  -228612.3      839.1
  CGOPT     320  3.680e+01  7      grvecs_rms  -228612.3      841.6
  CGOPT     321  3.019e+01  7      grvecs_rms  -228612.4      844.1
  CGOPT     322  5.380e+01  7      grvecs_rms  -228612.5      846.6
  CGOPT     323  5.203e+01  7      grvecs_rms  -228612.6      849.2
  CGOPT     324  6.172e+01  7      grvecs_rms  -228612.6      851.7
  CGOPT     325  4.584e+01  8      grvecs_rms  -228612.7      854.5
  CGOPT     326  5.169e+01  8      grvecs_rms  -228612.8      857.2
  CGOPT     327  6.194e+01  8      grvecs_rms  -228612.9      860.1
  CGOPT     328  5.244e+01  8      grvecs_rms  -228613.0      862.9
  CGOPT     329  7.071e+01  8      grvecs_rms  -228613.1      865.6
  CGOPT     330  4.539e+01  8      grvecs_rms  -228613.2      868.4
  CGOPT     331  3.514e+01  8      grvecs_rms  -228613.2      871.2
  CGOPT     332  5.798e+01  8      grvecs_rms  -228613.3      873.9
  CGOPT     333  6.876e+01  8      grvecs_rms  -228613.4      876.7
  CGOPT     334  4.862e+01  8      grvecs_rms  -228613.4      879.5
  CGOPT     335  5.068e+01  8      grvecs_rms  -228613.5      882.4
  CGOPT     336  6.000e+01  8      grvecs_rms  -228613.5      885.1
  CGOPT     337  5.787e+01  8      grvecs_rms  -228613.6      887.9
  CGOPT     338  6.499e+01  8      grvecs_rms  -228613.7      890.7
  CGOPT     339  7.295e+01  8      grvecs_rms  -228613.7      893.4
  CGOPT     340  5.500e+01  8      grvecs_rms  -228613.8      896.1
  CGOPT     341  5.004e+01  8      grvecs_rms  -228613.9      898.9
  CGOPT     342  5.111e+01  8      grvecs_rms  -228613.9      901.8
  CGOPT     343  7.103e+01  8      grvecs_rms  -228614.0      904.6
  CGOPT     344  6.670e+01  8      grvecs_rms  -228614.0      907.4
  CGOPT     345  5.713e+01  8      grvecs_rms  -228614.1      910.1
  CGOPT     346  6.177e+01  8      grvecs_rms  -228614.2      912.9
  CGOPT     347  4.189e+01  8      grvecs_rms  -228614.2      915.6
  CGOPT     348  5.961e+01  8      grvecs_rms  -228614.3      918.4
  CGOPT     349  4.300e+01  8      grvecs_rms  -228614.4      921.3
  CGOPT     350  5.370e+01  8      grvecs_rms  -228614.5      924.1
  CGOPT     351  4.360e+01  8      grvecs_rms  -228614.5      926.9
  CGOPT     352  3.621e+01  8      grvecs_rms  -228614.6      929.6
  CGOPT     353  3.020e+01  8      grvecs_rms  -228614.6      932.4
  CGOPT     354  4.004e+01  8      grvecs_rms  -228614.7      935.2
  CGOPT     355  4.779e+01  8      grvecs_rms  -228614.7      937.9
  CGOPT     356  2.475e+01  8      grvecs_rms  -228614.8      940.7
  CGOPT     357  3.119e+01  8      grvecs_rms  -228614.8      943.6
  CGOPT     358  2.839e+01  8      grvecs_rms  -228614.9      946.4
  CGOPT     359  4.674e+01  8      grvecs_rms  -228614.9      949.2
  CGOPT     360  3.134e+01  8      grvecs_rms  -228615.0      952.0
  CGOPT     361  3.305e+01  8      grvecs_rms  -228615.0      954.8
  CGOPT     362  3.825e+01  8      grvecs_rms  -228615.1      957.5
  CGOPT     363  3.418e+01  8      grvecs_rms  -228615.1      960.2
  CGOPT     364  6.426e+01  8      grvecs_rms  -228615.2      963.1
  CGOPT     365  4.935e+01  8      grvecs_rms  -228615.2      965.9
  CGOPT     366  7.802e+01  8      grvecs_rms  -228615.3      968.7
  CGOPT     367  4.621e+01  8      grvecs_rms  -228615.4      971.5
  CGOPT     368  5.533e+01  8      grvecs_rms  -228615.4      974.3
  CGOPT     369  3.357e+01  8      grvecs_rms  -228615.5      977.0
  CGOPT     370  3.136e+01  8      grvecs_rms  -228615.5      979.7
  CGOPT     371  6.092e+01  8      grvecs_rms  -228615.6      982.6
  CGOPT     372  3.399e+01  8      grvecs_rms  -228615.7      985.4
  CGOPT     373  4.318e+01  8      grvecs_rms  -228615.7      988.2
  CGOPT     374  2.867e+01  8      grvecs_rms  -228615.8      991.0
  CGOPT     375  4.989e+01  8      grvecs_rms  -228615.8      993.8
  CGOPT     376  3.821e+01  8      grvecs_rms  -228615.9      996.5
  CGOPT     377  3.431e+01  8      grvecs_rms  -228615.9      999.2
  CGOPT     378  1.471e+01  8      grvecs_rms  -228616.0     1002.1
  CGOPT     379  3.228e+01  8      grvecs_rms  -228616.0     1004.9
  CGOPT     380  2.651e+01  8      grvecs_rms  -228616.0     1007.8
  CGOPT     381  6.376e+01  8      grvecs_rms  -228616.1     1010.5
  CGOPT     382  1.663e+01  8      grvecs_rms  -228616.1     1013.3
  CGOPT     383  5.756e+01  8      grvecs_rms  -228616.1     1016.0
  CGOPT     384  2.682e+01  8      grvecs_rms  -228616.2     1018.8
  CGOPT     385  4.136e+01  8      grvecs_rms  -228616.2     1021.6
  CGOPT     386  2.287e+01  8      grvecs_rms  -228616.2     1024.4
  CGOPT     387  3.348e+01  8      grvecs_rms  -228616.3     1027.3
  CGOPT     388  2.493e+01  8      grvecs_rms  -228616.3     1030.0
  CGOPT     389  5.608e+01  8      grvecs_rms  -228616.3     1032.8
  CGOPT     390  4.611e+01  8      grvecs_rms  -228616.4     1035.6
  CGOPT     391  4.484e+01  8      grvecs_rms  -228616.4     1038.3
  CGOPT     392  3.507e+01  8      grvecs_rms  -228616.5     1041.1
  CGOPT     393  4.110e+01  8      grvecs_rms  -228616.5     1043.9
  CGOPT     394  1.743e+01  8      grvecs_rms  -228616.5     1046.8
  CGOPT     395  4.130e+01  8      grvecs_rms  -228616.6     1049.6
  CGOPT     396  1.492e+01  8      grvecs_rms  -228616.6     1052.3
  CGOPT     397  4.349e+01  8      grvecs_rms  -228616.7     1055.1
  CGOPT     398  1.242e+01  8      grvecs_rms  -228616.7     1057.8
  CGOPT     399  4.299e+01  8      grvecs_rms  -228616.7     1060.5
  CGOPT     400  2.522e+01  8      grvecs_rms  -228616.8     1063.3
  CGOPT     401  3.144e+01  8      grvecs_rms  -228616.8     1066.2
  CGOPT     402  2.753e+01  8      grvecs_rms  -228616.8     1069.0
  CGOPT     403  2.798e+01  8      grvecs_rms  -228616.9     1071.8
  CGOPT     404  2.506e+01  8      grvecs_rms  -228616.9     1074.6
  CGOPT     405  3.409e+01  8      grvecs_rms  -228616.9     1077.4
  CGOPT     406  2.198e+01  8      grvecs_rms  -228617.0     1080.3
  CGOPT     407  2.391e+01  8      grvecs_rms  -228617.0     1083.0
  CGOPT     408  3.148e+01  8      grvecs_rms  -228617.0     1085.7
  CGOPT     409  1.734e+01  8      grvecs_rms  -228617.1     1088.5
  CGOPT     410  3.432e+01  8      grvecs_rms  -228617.1     1091.4
  CGOPT     411  2.314e+01  8      grvecs_rms  -228617.1     1094.2
  CGOPT     412  3.449e+01  8      grvecs_rms  -228617.2     1097.0
  CGOPT     413  2.279e+01  8      grvecs_rms  -228617.2     1099.7
  CGOPT     414  3.044e+01  8      grvecs_rms  -228617.2     1102.5
  CGOPT     415  3.383e+01  8      grvecs_rms  -228617.3     1105.2
  CGOPT     416  1.614e+01  8      grvecs_rms  -228617.3     1108.0
  CGOPT     417  1.901e+01  8      grvecs_rms  -228617.3     1110.9
  CGOPT     418  2.831e+01  8      grvecs_rms  -228617.4     1113.7
  CGOPT     419  3.594e+01  8      grvecs_rms  -228617.4     1116.5
  CGOPT     420  3.555e+01  8      grvecs_rms  -228617.5     1119.2
  CGOPT     421  2.584e+01  8      grvecs_rms  -228617.5     1122.0
  CGOPT     422  3.119e+01  8      grvecs_rms  -228617.5     1124.8
  CGOPT     423  3.543e+01  7      grvecs_rms  -228617.6     1127.6
  CGOPT     424  3.915e+01  7      grvecs_rms  -228617.6     1130.3
  CGOPT     425  3.692e+01  8      grvecs_rms  -228617.7     1133.2
  CGOPT     426  4.272e+01  7      grvecs_rms  -228617.7     1136.0
  CGOPT     427  3.132e+01  7      grvecs_rms  -228617.7     1138.8
  CGOPT     428  3.141e+01  7      grvecs_rms  -228617.8     1141.6
  CGOPT     429  2.835e+01  7      grvecs_rms  -228617.8     1144.4
  CGOPT     430  2.219e+01  6      grvecs_rms  -228617.8     1147.2
  CGOPT     431  3.476e+01  5      grvecs_rms  -228617.8     1149.9
  CGOPT     432  2.458e+01  6      grvecs_rms  -228617.9     1152.7
  CGOPT     433  3.022e+01  6      grvecs_rms  -228617.9     1155.5
  CGOPT     434  2.959e+01  7      grvecs_rms  -228617.9     1158.3
  CGOPT     435  3.297e+01  7      grvecs_rms  -228617.9     1161.2
  CGOPT     436  1.672e+01  7      grvecs_rms  -228618.0     1163.9
  CGOPT     437  4.315e+01  7      grvecs_rms  -228618.0     1166.7
  CGOPT     438  2.073e+01  7      grvecs_rms  -228618.0     1169.5
  CGOPT     439  3.015e+01  7      grvecs_rms  -228618.1     1172.3
  CGOPT     440  3.258e+01  7      grvecs_rms  -228618.1     1175.0
  CGOPT     441  4.219e+01  7      grvecs_rms  -228618.1     1177.8
  CGOPT     442  2.782e+01  7      grvecs_rms  -228618.2     1180.6
  CGOPT     443  3.455e+01  7      grvecs_rms  -228618.2     1183.5
  CGOPT     444  3.364e+01  7      grvecs_rms  -228618.2     1186.3
  CGOPT     445  2.484e+01  7      grvecs_rms  -228618.3     1189.0
  CGOPT     446  4.435e+01  7      grvecs_rms  -228618.3     1191.8
  CGOPT     447  3.202e+01  7      grvecs_rms  -228618.3     1194.6
  CGOPT     448  3.624e+01  7      grvecs_rms  -228618.4     1197.4
  CGOPT     449  4.753e+01  7      grvecs_rms  -228618.4     1200.1
  CGOPT     450  2.470e+01  7      grvecs_rms  -228618.5     1202.9
  CGOPT     451  5.937e+01  7      grvecs_rms  -228618.5     1205.8
  CGOPT     452  2.243e+01  7      grvecs_rms  -228618.5     1208.6
  CGOPT     453  4.185e+01  7      grvecs_rms  -228618.5     1211.4
  CGOPT     454  2.539e+01  8      grvecs_rms  -228618.6     1214.2
  CGOPT     455  3.722e+01  8      grvecs_rms  -228618.6     1217.0
  CGOPT     456  3.143e+01  8      grvecs_rms  -228618.6     1219.7
  CGOPT     457  4.407e+01  8      grvecs_rms  -228618.7     1222.5
  CGOPT     458  2.469e+01  8      grvecs_rms  -228618.7     1225.2
  CGOPT     459  4.321e+01  8      grvecs_rms  -228618.7     1228.1
  CGOPT     460  6.658e+00  8   gpos_max(471)  -228618.8     1230.9
  CGOPT     461  4.253e+01  8      grvecs_rms  -228618.8     1233.7
  CGOPT     462  1.632e+01  8      grvecs_rms  -228618.8     1236.5
  CGOPT     463  4.200e+01  8      grvecs_rms  -228618.9     1239.3
  CGOPT     464  1.926e+01  8      grvecs_rms  -228618.9     1242.0
  CGOPT     465  3.482e+01  8      grvecs_rms  -228618.9     1244.8
  CGOPT     466  3.023e+01  8      grvecs_rms  -228619.0     1247.5
  CGOPT     467  5.773e+01  8      grvecs_rms  -228619.0     1250.2
  CGOPT     468  5.124e+01  8      grvecs_rms  -228619.1     1252.9
  CGOPT     469  4.261e+01  8      grvecs_rms  -228619.1     1255.7
  CGOPT     470  3.959e+01  7      grvecs_rms  -228619.2     1258.5
  CGOPT     471  4.147e+01  8      grvecs_rms  -228619.2     1261.3
  CGOPT     472  4.669e+01  7      grvecs_rms  -228619.3     1264.0
  CGOPT     473  6.341e+01  7      grvecs_rms  -228619.3     1266.8
  CGOPT     474  2.999e+01  7      grvecs_rms  -228619.4     1269.6
  CGOPT     475  6.267e+01  7      grvecs_rms  -228619.4     1272.4
  CGOPT     476  4.479e+01  7      grvecs_rms  -228619.5     1275.3
  CGOPT     477  4.661e+01  7      grvecs_rms  -228619.5     1278.0
  CGOPT     478  3.214e+01  7      grvecs_rms  -228619.5     1280.8
  CGOPT     479  3.554e+01  7      grvecs_rms  -228619.6     1283.6
  CGOPT     480  1.238e+01  5      grvecs_rms  -228619.6     1286.4
  CGOPT     481  3.848e+01  7      grvecs_rms  -228619.6     1289.1
  CGOPT     482  2.079e+01  5      grvecs_rms  -228619.7     1291.9
  CGOPT     483  2.827e+01  5      grvecs_rms  -228619.7     1294.7
  CGOPT     484  2.839e+01  5      grvecs_rms  -228619.7     1297.6
  CGOPT     485  3.922e+01  6      grvecs_rms  -228619.8     1300.4
  CGOPT     486  2.745e+01  6      grvecs_rms  -228619.8     1303.2
  CGOPT     487  3.861e+01  6      grvecs_rms  -228619.8     1305.9
  CGOPT     488  3.113e+01  6      grvecs_rms  -228619.9     1308.7
  CGOPT     489  4.543e+01  6      grvecs_rms  -228619.9     1311.5
  CGOPT     490  6.547e+01  7      grvecs_rms  -228619.9     1314.2
  CGOPT     491  3.547e+01  7      grvecs_rms  -228620.0     1317.0
  CGOPT     492  6.846e+01  7      grvecs_rms  -228620.0     1319.9
  CGOPT     493  3.280e+01  7      grvecs_rms  -228620.1     1322.7
  CGOPT     494  5.330e+01  7      grvecs_rms  -228620.1     1325.5
  CGOPT     495  3.061e+01  8      grvecs_rms  -228620.2     1328.3
  CGOPT     496  3.337e+01  8      grvecs_rms  -228620.2     1331.1
  CGOPT     497  3.718e+01  8      grvecs_rms  -228620.2     1333.8
  CGOPT     498  3.319e+01  8      grvecs_rms  -228620.3     1336.6
  CGOPT     499  3.101e+01  8      grvecs_rms  -228620.3     1339.3
  CGOPT     500  2.479e+01  8      grvecs_rms  -228620.3     1342.2
  CGOPT     501  2.966e+01  8      grvecs_rms  -228620.4     1345.0
  CGOPT     502  2.708e+01  8      grvecs_rms  -228620.4     1347.8
  CGOPT     503  3.089e+01  8      grvecs_rms  -228620.4     1350.6
  CGOPT     504  1.287e+01  8      grvecs_rms  -228620.4     1353.4
  CGOPT     505  3.454e+01  8      grvecs_rms  -228620.5     1356.2
  CGOPT     506  1.786e+01  8      grvecs_rms  -228620.5     1359.0
  CGOPT     507  2.657e+01  8      grvecs_rms  -228620.5     1361.8
  CGOPT     508  2.552e+01  7      grvecs_rms  -228620.5     1364.5
  CGOPT     509  4.250e+01  8      grvecs_rms  -228620.6     1367.4
  CGOPT     510  2.451e+01  8      grvecs_rms  -228620.6     1370.3
  CGOPT     511  4.571e+01  8      grvecs_rms  -228620.6     1373.0
  CGOPT     512  3.454e+01  7      grvecs_rms  -228620.6     1375.8
  CGOPT     513  2.316e+01  7      grvecs_rms  -228620.7     1378.6
  CGOPT     514  3.595e+01  7      grvecs_rms  -228620.7     1381.4
  CGOPT     515  2.057e+01  8      grvecs_rms  -228620.7     1384.2
  CGOPT     516  2.086e+01  8      grvecs_rms  -228620.8     1386.9
  CGOPT     517  1.802e+01  8      grvecs_rms  -228620.8     1389.7
  CGOPT     518  2.211e+01  8      grvecs_rms  -228620.8     1392.6
  CGOPT     519  2.115e+01  8      grvecs_rms  -228620.8     1395.4
  CGOPT     520  2.329e+01  8      grvecs_rms  -228620.9     1398.2
  CGOPT     521  2.286e+01  8      grvecs_rms  -228620.9     1401.0
  CGOPT     522  1.287e+01  7      grvecs_rms  -228620.9     1403.8
  CGOPT     523  1.227e+01  8      grvecs_rms  -228621.0     1406.5
  CGOPT     524  2.061e+01  8      grvecs_rms  -228621.0     1409.3
  CGOPT     525  1.882e+01  8      grvecs_rms  -228621.0     1412.1
  CGOPT     526  1.363e+01  8      grvecs_rms  -228621.0     1414.9
  CGOPT     527  2.349e+01  8      grvecs_rms  -228621.1     1417.8
  CGOPT     528  3.081e+01  8      grvecs_rms  -228621.1     1420.5
  CGOPT     529  2.001e+01  8      grvecs_rms  -228621.1     1423.3
  CGOPT     530  2.052e+01  8      grvecs_rms  -228621.1     1426.1
  CGOPT     531  4.479e+01  8      grvecs_rms  -228621.2     1428.9
  CGOPT     532  2.124e+01  8      grvecs_rms  -228621.2     1431.6
  CGOPT     533  2.837e+01  8      grvecs_rms  -228621.2     1434.4
  CGOPT     534  2.278e+01  8      grvecs_rms  -228621.2     1437.2
  CGOPT     535  2.153e+01  8      grvecs_rms  -228621.3     1440.1
  CGOPT     536  2.912e+01  8      grvecs_rms  -228621.3     1442.9
  CGOPT     537  2.793e+01  8      grvecs_rms  -228621.3     1445.7
  CGOPT     538  1.587e+01  8      grvecs_rms  -228621.3     1448.5
  CGOPT     539  2.925e+01  8      grvecs_rms  -228621.4     1451.3
  CGOPT     540  2.887e+01  8      grvecs_rms  -228621.4     1454.0
  CGOPT     541  2.536e+01  8      grvecs_rms  -228621.4     1456.8
  CGOPT     542  2.566e+01  8      grvecs_rms  -228621.5     1459.6
  CGOPT     543  3.462e+01  8      grvecs_rms  -228621.5     1462.4
  CGOPT     544  3.454e+01  8      grvecs_rms  -228621.5     1465.3
  CGOPT     545  4.587e+01  8      grvecs_rms  -228621.6     1468.1
  CGOPT     546  4.579e+01  8      grvecs_rms  -228621.6     1470.9
  CGOPT     547  3.261e+01  8      grvecs_rms  -228621.6     1473.7
  CGOPT     548  4.313e+01  8      grvecs_rms  -228621.7     1476.5
  CGOPT     549  3.204e+01  8      grvecs_rms  -228621.7     1479.2
  CGOPT     550  3.800e+01  8      grvecs_rms  -228621.7     1482.0
  CGOPT     551  2.854e+01  8      grvecs_rms  -228621.7     1484.8
  CGOPT     552  3.400e+01  8      grvecs_rms  -228621.8     1487.6
  CGOPT     553  5.168e+01  8      grvecs_rms  -228621.8     1490.5
  CGOPT     554  3.336e+01  7      grvecs_rms  -228621.8     1493.2
  CGOPT     555  3.362e+01  7      grvecs_rms  -228621.8     1496.0
  CGOPT     556  3.364e+01  8      grvecs_rms  -228621.9     1498.8
  CGOPT     557  1.968e+01  8      grvecs_rms  -228621.9     1501.6
  CGOPT     558  3.528e+01  8      grvecs_rms  -228621.9     1504.3
  CGOPT     559  2.779e+01  8      grvecs_rms  -228621.9     1507.1
  CGOPT     560  2.681e+01  8      grvecs_rms  -228622.0     1510.0
  CGOPT     561  3.209e+01  8      grvecs_rms  -228622.0     1512.8
  CGOPT     562  4.480e+01  8      grvecs_rms  -228622.0     1515.6
  CGOPT     563  2.477e+01  7      grvecs_rms  -228622.0     1518.4
  CGOPT     564  3.603e+01  7      grvecs_rms  -228622.0     1521.2
  CGOPT     565  4.437e+01  8      grvecs_rms  -228622.1     1524.0
  CGOPT     566  3.647e+01  8      grvecs_rms  -228622.1     1526.7
  CGOPT     567  3.732e+01  7      grvecs_rms  -228622.1     1529.5
  CGOPT     568  3.849e+01  7      grvecs_rms  -228622.1     1532.3
  CGOPT     569  2.471e+01  7      grvecs_rms  -228622.2     1535.1
  CGOPT     570  2.895e+01  6      grvecs_rms  -228622.2     1538.0
  CGOPT     571  3.320e+01  7      grvecs_rms  -228622.2     1540.7
  CGOPT     572  3.513e+01  7      grvecs_rms  -228622.2     1543.5
  CGOPT     573  2.763e+01  7      grvecs_rms  -228622.3     1546.3
  CGOPT     574  2.449e+01  5      grvecs_rms  -228622.3     1549.1
  CGOPT     575  2.209e+01  5      grvecs_rms  -228622.3     1551.8
  CGOPT     576  2.368e+01  7      grvecs_rms  -228622.3     1554.6
  CGOPT     577  1.027e+01  5      grvecs_rms  -228622.3     1557.5
  CGOPT     578  2.496e+01  6      grvecs_rms  -228622.3     1560.3
  CGOPT     579  7.420e+00  5      grvecs_rms  -228622.4     1563.1
  CGOPT     580  1.784e+01  5      grvecs_rms  -228622.4     1565.9
  CGOPT     581  1.237e+01  5      grvecs_rms  -228622.4     1568.7
  CGOPT     582  1.948e+01  4      grvecs_rms  -228622.4     1571.4
  CGOPT     583  1.515e+01  5      grvecs_rms  -228622.4     1574.2
  CGOPT     584  1.476e+01  4      grvecs_rms  -228622.4     1576.9
  CGOPT     585  1.026e+01  5      grvecs_rms  -228622.4     1579.8
  CGOPT     586  1.730e+01  4      grvecs_rms  -228622.5     1582.6
  CGOPT     587  3.206e+01  5      grvecs_rms  -228622.5     1585.4
  CGOPT     588  2.077e+01  5      grvecs_rms  -228622.5     1588.2
  CGOPT     589  2.158e+01  4      grvecs_rms  -228622.5     1591.0
  CGOPT     590  2.727e+01  4      grvecs_rms  -228622.5     1593.8
  CGOPT     591  1.519e+01  4      grvecs_rms  -228622.5     1596.5
  CGOPT     592  1.580e+01  5      grvecs_rms  -228622.6     1599.3
  CGOPT     593  1.723e+01  4      grvecs_rms  -228622.6     1602.1
  CGOPT     594  2.006e+01  4      grvecs_rms  -228622.6     1604.9
  CGOPT     595  1.668e+01  6      grvecs_rms  -228622.6     1607.8
  CGOPT     596  1.692e+01  4      grvecs_rms  -228622.6     1610.5
  CGOPT     597  2.065e+01  6      grvecs_rms  -228622.6     1613.3
  CGOPT     598  1.713e+01  6      grvecs_rms  -228622.6     1616.1
  CGOPT     599  1.199e+01  7      grvecs_rms  -228622.7     1618.9
  CGOPT     600  2.862e+01  7      grvecs_rms  -228622.7     1621.6
  CGOPT     601  9.086e+00  6      grvecs_rms  -228622.7     1624.4
  CGOPT     602  1.994e+01  6      grvecs_rms  -228622.7     1627.2
  CGOPT     603  5.875e+00  6      grvecs_rms  -228622.7     1630.1
  CGOPT     604  1.673e+01  6      grvecs_rms  -228622.7     1632.9
  CGOPT     605  1.191e+01  6      grvecs_rms  -228622.7     1635.6
  CGOPT     606  2.384e+01  6      grvecs_rms  -228622.8     1638.4
  CGOPT     607  1.664e+01  7      grvecs_rms  -228622.8     1641.2
  CGOPT     608  1.482e+01  6      grvecs_rms  -228622.8     1644.0
  CGOPT     609  2.181e+01  6      grvecs_rms  -228622.8     1646.7
  CGOPT     610  1.524e+01  6      grvecs_rms  -228622.8     1649.5
  CGOPT     611  2.461e+01  6      grvecs_rms  -228622.8     1652.4
  CGOPT     612  1.944e+01  6      grvecs_rms  -228622.8     1655.2
  CGOPT     613  1.577e+01  6      grvecs_rms  -228622.9     1658.0
  CGOPT     614  3.157e+01  7      grvecs_rms  -228622.9     1660.8
  CGOPT     615  1.670e+01  4      grvecs_rms  -228622.9     1663.5
  CGOPT     616  2.444e+01  6      grvecs_rms  -228622.9     1666.3
  CGOPT     617  1.684e+01  7      grvecs_rms  -228622.9     1669.1
  CGOPT     618  1.286e+01  7      grvecs_rms  -228622.9     1671.8
  CGOPT     619  2.034e+01  7      grvecs_rms  -228623.0     1674.6
  CGOPT     620  1.363e+01  7      grvecs_rms  -228623.0     1677.4
  CGOPT     621  1.281e+01  6      grvecs_rms  -228623.0     1680.3
  CGOPT     622  2.164e+01  7      grvecs_rms  -228623.0     1683.2
  CGOPT     623  3.048e+01  7      grvecs_rms  -228623.0     1685.9
  CGOPT     624  1.189e+01  5      grvecs_rms  -228623.0     1688.7
  CGOPT     625  2.079e+01  6      grvecs_rms  -228623.0     1691.5
  CGOPT     626  2.808e+01  6      grvecs_rms  -228623.0     1694.3
  CGOPT     627  1.860e+01  7      grvecs_rms  -228623.1     1697.0
  CGOPT     628  4.159e+01  5      grvecs_rms  -228623.1     1699.8
  CGOPT     629  3.794e+01  5      grvecs_rms  -228623.1     1702.6
  CGOPT     630  1.457e+01  4      grvecs_rms  -228623.1     1705.5
  CGOPT     631  3.461e+01  5      grvecs_rms  -228623.1     1708.3
  CGOPT     632  2.342e+01  5      grvecs_rms  -228623.1     1711.1
  CGOPT     633  1.988e+01  5      grvecs_rms  -228623.1     1713.8
  CGOPT     634  2.034e+01  5      grvecs_rms  -228623.2     1716.6
  CGOPT     635  2.141e+01  5      grvecs_rms  -228623.2     1719.4
  CGOPT     636  1.447e+01  6      grvecs_rms  -228623.2     1722.1
  CGOPT     637  1.537e+01  6      grvecs_rms  -228623.2     1724.9
  CGOPT     638  1.761e+01  6      grvecs_rms  -228623.2     1727.8
  CGOPT     639  1.584e+01  6      grvecs_rms  -228623.2     1730.6
  CGOPT     640  2.330e+01  5      grvecs_rms  -228623.2     1733.4
  CGOPT     641  1.405e+01  7      grvecs_rms  -228623.2     1736.2
  CGOPT     642  1.063e+01  6      grvecs_rms  -228623.3     1739.0
  CGOPT     643  1.922e+01  6      grvecs_rms  -228623.3     1741.7
  CGOPT     644  2.510e+01  7      grvecs_rms  -228623.3     1744.5
  CGOPT     645  2.440e+01  6      grvecs_rms  -228623.3     1747.2
  CGOPT     646  3.455e+01  6      grvecs_rms  -228623.3     1750.1
  CGOPT     647  1.710e+01  6      grvecs_rms  -228623.3     1753.0
  CGOPT     648  3.664e+01  6      grvecs_rms  -228623.3     1755.8
  CGOPT     649  1.789e+01  5      grvecs_rms  -228623.3     1758.5
  CGOPT     650  2.879e+01  4      grvecs_rms  -228623.3     1761.3
  CGOPT     651  1.191e+01  5      grvecs_rms  -228623.4     1764.1
  CGOPT     652  1.841e+01  4      grvecs_rms  -228623.4     1766.9
  CGOPT     653  2.472e+01  5      grvecs_rms  -228623.4     1769.6
  CGOPT     654  2.920e+01  5      grvecs_rms  -228623.4     1772.4
  CGOPT     655  2.794e+01  5      grvecs_rms  -228623.4     1775.3
  CGOPT     656  2.010e+01  4      grvecs_rms  -228623.4     1778.1
  CGOPT     657  1.162e+01  4      grvecs_rms  -228623.4     1780.9
  CGOPT     658  3.211e+01  5      grvecs_rms  -228623.5     1783.7
  CGOPT     659  8.937e+00  5      grvecs_rms  -228623.5     1786.4
  CGOPT     660  3.167e+01  5      grvecs_rms  -228623.5     1789.2
  CGOPT     661  1.646e+01  5      grvecs_rms  -228623.5     1792.0
  CGOPT     662  2.284e+01  5      grvecs_rms  -228623.5     1794.7
  CGOPT     663  1.570e+01  5      grvecs_rms  -228623.5     1797.5
  CGOPT     664  2.542e+01  5      grvecs_rms  -228623.5     1800.4
  CGOPT     665  1.654e+01  5      grvecs_rms  -228623.5     1803.2
  CGOPT     666  1.465e+01  5      grvecs_rms  -228623.6     1806.0
  CGOPT     667  1.903e+01  5      grvecs_rms  -228623.6     1808.8
  CGOPT     668  1.515e+01  5      grvecs_rms  -228623.6     1811.6
  CGOPT     669  2.110e+01  6      grvecs_rms  -228623.6     1814.3
  CGOPT     670  3.406e+01  5      grvecs_rms  -228623.6     1817.1
  CGOPT     671  1.469e+01  5      grvecs_rms  -228623.6     1819.9
  CGOPT     672  1.873e+01  5      grvecs_rms  -228623.6     1822.7
  CGOPT     673  2.337e+01  5      grvecs_rms  -228623.6     1825.6
  CGOPT     674  1.446e+01  4      grvecs_rms  -228623.6     1828.3
  CGOPT     675  1.967e+01  6      grvecs_rms  -228623.7     1831.1
  CGOPT     676  1.297e+01  6      grvecs_rms  -228623.7     1833.9
  CGOPT     677  1.337e+01  6      grvecs_rms  -228623.7     1836.7
  CGOPT     678  1.873e+01  6      grvecs_rms  -228623.7     1839.4
  CGOPT     679  1.960e+01  6      grvecs_rms  -228623.7     1842.2
  CGOPT     680  2.424e+01  6      grvecs_rms  -228623.7     1845.0
  CGOPT     681  9.441e+00  6      grvecs_rms  -228623.7     1847.9
  CGOPT     682  2.666e+01  6      grvecs_rms  -228623.7     1850.7
  CGOPT     683  6.188e+00  6      grvecs_rms  -228623.7     1853.4
  CGOPT     684  1.264e+01  6      grvecs_rms  -228623.7     1856.2
  CGOPT     685  1.264e+01  6      grvecs_rms  -228623.7     1859.0
  CGOPT     686  2.359e+01  6      grvecs_rms  -228623.7     1861.8
  CGOPT     687  1.530e+01  6      grvecs_rms  -228623.7     1864.5
  CGOPT     688  1.608e+01  6      grvecs_rms  -228623.8     1867.3
  CGOPT     689  1.442e+01  6      grvecs_rms  -228623.8     1870.2
  CGOPT     690  1.056e+01  6      grvecs_rms  -228623.8     1873.0
  CGOPT     691  2.348e+01  6      grvecs_rms  -228623.8     1875.8
  CGOPT     692  1.819e+01  6      grvecs_rms  -228623.8     1878.5
  CGOPT     693  1.267e+01  4      grvecs_rms  -228623.8     1881.3
  CGOPT     694  1.110e+01  4      grvecs_rms  -228623.8     1884.1
  CGOPT     695  1.533e+01  4      grvecs_rms  -228623.8     1886.8
  CGOPT     696  1.588e+01  4      grvecs_rms  -228623.8     1889.6
  CGOPT     697  1.388e+01  4      grvecs_rms  -228623.8     1892.5
  CGOPT     698  8.500e+00  4      grvecs_rms  -228623.8     1895.3
  CGOPT     699  8.543e+00  4      grvecs_rms  -228623.8     1898.1
  CGOPT     700  1.873e+01  5      grvecs_rms  -228623.8     1900.9
  CGOPT     701  1.935e+01  4      grvecs_rms  -228623.8     1903.7
  CGOPT     702  1.388e+01  4      grvecs_rms  -228623.8     1906.4
  CGOPT     703  8.941e+00  4      grvecs_rms  -228623.8     1909.2
  CGOPT     704  1.033e+01  4      grvecs_rms  -228623.9     1911.9
  CGOPT     705  6.973e+00  4      grvecs_rms  -228623.9     1914.8
  CGOPT     706  7.829e+00  4      grvecs_rms  -228623.9     1917.6
  CGOPT     707  1.087e+01  4      grvecs_rms  -228623.9     1920.4
  CGOPT     708  8.518e+00  4      grvecs_rms  -228623.9     1923.2
  CGOPT     709  1.395e+01  4      grvecs_rms  -228623.9     1926.0
  CGOPT     710  9.175e+00  4      grvecs_rms  -228623.9     1928.8
  CGOPT     711  1.130e+01  4      grvecs_rms  -228623.9     1931.5
  CGOPT     712  1.562e+01  4      grvecs_rms  -228623.9     1934.3
  CGOPT     713  9.812e+00  4      grvecs_rms  -228623.9     1937.1
  CGOPT     714  1.656e+01  4      grvecs_rms  -228623.9     1939.9
  CGOPT     715  9.270e+00  4      grvecs_rms  -228623.9     1942.8
  CGOPT     716  2.011e+01  5      grvecs_rms  -228623.9     1945.5
  CGOPT     717  1.217e+01  4      grvecs_rms  -228623.9     1948.3
  CGOPT     718  3.521e+01  5      grvecs_rms  -228623.9     1951.1
  CGOPT     719  1.085e+01  5      grvecs_rms  -228623.9     1953.9
  CGOPT     720  2.533e+01  5      grvecs_rms  -228623.9     1956.6
  CGOPT     721  1.125e+01  6      grvecs_rms  -228624.0     1959.3
  CGOPT     722  1.761e+01  6      grvecs_rms  -228624.0     1962.2
  CGOPT     723  1.843e+01  6      grvecs_rms  -228624.0     1965.1
  CGOPT     724  1.799e+01  6      grvecs_rms  -228624.0     1967.8
  CGOPT     725  1.686e+01  6      grvecs_rms  -228624.0     1970.6
  CGOPT     726  2.007e+01  4      grvecs_rms  -228624.0     1973.4
  CGOPT     727  1.621e+01  4      grvecs_rms  -228624.0     1976.2
  CGOPT     728  1.443e+01  5      grvecs_rms  -228624.0     1979.1
  CGOPT     729  1.514e+01  5      grvecs_rms  -228624.0     1981.8
  CGOPT     730  1.786e+01  4      grvecs_rms  -228624.0     1984.6
  CGOPT     731  1.233e+01  4      grvecs_rms  -228624.0     1987.4
  CGOPT     732  1.729e+01  4      grvecs_rms  -228624.0     1990.3
  CGOPT     733  1.125e+01  4      grvecs_rms  -228624.0     1993.1
  CGOPT     734  1.283e+01  4      grvecs_rms  -228624.0     1995.8
  CGOPT     735  1.152e+01  4      grvecs_rms  -228624.0     1998.6
  CGOPT     736  1.257e+01  4      grvecs_rms  -228624.0     2001.4
  CGOPT     737  1.178e+01  5      grvecs_rms  -228624.0     2004.2
  CGOPT     738  1.554e+01  6      grvecs_rms  -228624.1     2006.9
  CGOPT     739  1.002e+01  6      grvecs_rms  -228624.1     2009.7
  CGOPT     740  1.506e+01  6      grvecs_rms  -228624.1     2012.6
  CGOPT     741  8.143e+00  4      grvecs_rms  -228624.1     2015.4
  CGOPT     742  1.221e+01  5      grvecs_rms  -228624.1     2018.2
  CGOPT     743  6.436e+00  6      grvecs_rms  -228624.1     2021.0
  CGOPT     744  8.296e+00  6      grvecs_rms  -228624.1     2023.7
  CGOPT     745  7.392e+00  6      grvecs_rms  -228624.1     2026.5
  CGOPT     746  1.685e+01  6      grvecs_rms  -228624.1     2029.3
  CGOPT     747  1.271e+01  6      grvecs_rms  -228624.1     2032.0
  CGOPT     748  1.893e+01  6      grvecs_rms  -228624.1     2034.9
  CGOPT     749  1.307e+01  6      grvecs_rms  -228624.1     2037.7
  CGOPT     750  2.568e+01  7      grvecs_rms  -228624.1     2040.5
  CGOPT     751  1.214e+01  6      grvecs_rms  -228624.1     2043.3
  CGOPT     752  2.865e+01  7      grvecs_rms  -228624.1     2046.1
  CGOPT     753  1.529e+01  6      grvecs_rms  -228624.1     2048.9
  CGOPT     754  1.739e+01  6      grvecs_rms  -228624.1     2051.6
  CGOPT     755  1.450e+01  6      grvecs_rms  -228624.2     2054.4
  CGOPT     756  1.479e+01  6      grvecs_rms  -228624.2     2057.2
  CGOPT     757  1.450e+01  6      grvecs_rms  -228624.2     2060.0
  CGOPT     758  6.928e+00  6      grvecs_rms  -228624.2     2062.9
  CGOPT     759  1.695e+01  6      grvecs_rms  -228624.2     2065.7
  CGOPT     760  5.877e+00  6      grvecs_rms  -228624.2     2068.5
  CGOPT     761  9.872e+00  6      grvecs_rms  -228624.2     2071.3
  CGOPT     762  4.522e+00  6      grvecs_rms  -228624.2     2074.0
  CGOPT     763  6.674e+00  5      grvecs_rms  -228624.2     2076.8
  CGOPT     764  7.349e+00  6      grvecs_rms  -228624.2     2079.5
  CGOPT     765  8.786e+00  6      grvecs_rms  -228624.2     2082.4
  CGOPT     766  8.255e+00  6      grvecs_rms  -228624.2     2085.2
  CGOPT     767  7.726e+00  6      grvecs_rms  -228624.2     2088.0
  CGOPT     768  8.815e+00  6      grvecs_rms  -228624.2     2090.8
  CGOPT     769  1.092e+01  5      grvecs_rms  -228624.2     2093.6
  CGOPT     770  1.018e+01  6      grvecs_rms  -228624.2     2096.4
  CGOPT     771  7.516e+00  6      grvecs_rms  -228624.2     2099.2
  CGOPT     772  1.016e+01  6      grvecs_rms  -228624.2     2101.9
  CGOPT     773  6.426e+00  5      grvecs_rms  -228624.2     2104.7
  CGOPT     774  1.193e+01  6      grvecs_rms  -228624.2     2107.6
  CGOPT     775  7.355e+00  5      grvecs_rms  -228624.2     2110.4
  CGOPT     776  1.011e+01  5      grvecs_rms  -228624.2     2113.2
  CGOPT     777  7.104e+00  5      grvecs_rms  -228624.2     2116.0
  CGOPT     778  1.080e+01  5      grvecs_rms  -228624.2     2118.8
  CGOPT     779  9.782e+00  6      grvecs_rms  -228624.2     2121.6
  CGOPT     780  5.200e+00  6      grvecs_rms  -228624.2     2124.3
  CGOPT     781  1.043e+01  6      grvecs_rms  -228624.2     2127.1
  CGOPT     782  7.128e+00  5      grvecs_rms  -228624.2     2129.9
  CGOPT     783  1.139e+01  5      grvecs_rms  -228624.2     2132.8
  CGOPT     784  4.554e+00  5      grvecs_rms  -228624.2     2135.6
  CGOPT     785  6.713e+00  5      grvecs_rms  -228624.2     2138.4
  CGOPT     786  7.082e+00  6      grvecs_rms  -228624.2     2141.2
  CGOPT     787  5.564e+00  6      grvecs_rms  -228624.2     2143.9
  CGOPT     788  1.061e+01  6      grvecs_rms  -228624.3     2146.7
  CGOPT     789  7.938e+00  5      grvecs_rms  -228624.3     2149.5
  CGOPT     790  1.010e+01  6      grvecs_rms  -228624.3     2152.3
  CGOPT     791  1.194e+01  6      grvecs_rms  -228624.3     2155.1
  CGOPT     792  1.070e+01  6      grvecs_rms  -228624.3     2158.0
  CGOPT     793  6.807e+00  5      grvecs_rms  -228624.3     2160.7
  CGOPT     794  9.496e+00  6      grvecs_rms  -228624.3     2163.5
  CGOPT     795  1.554e+01  6      grvecs_rms  -228624.3     2166.3
  CGOPT     796  1.486e+01  6      grvecs_rms  -228624.3     2169.0
  CGOPT     797  7.803e+00  6      grvecs_rms  -228624.3     2171.8
  CGOPT     798  1.337e+01  6      grvecs_rms  -228624.3     2174.6
  CGOPT     799  8.584e+00  6      grvecs_rms  -228624.3     2177.4
  CGOPT     800  8.764e+00  6      grvecs_rms  -228624.3     2180.3
  CGOPT     801  9.120e+00  6      grvecs_rms  -228624.3     2183.1
  CGOPT     802  9.127e+00  6      grvecs_rms  -228624.3     2185.9
  CGOPT     803  5.002e+00  5      grvecs_rms  -228624.3     2188.6
  CGOPT     804  1.202e+01  6      grvecs_rms  -228624.3     2191.4
  CGOPT     805  4.376e+00  4      grvecs_rms  -228624.3     2194.2
  CGOPT     806  1.195e+01  6      grvecs_rms  -228624.3     2196.9
  CGOPT     807  7.371e+00  5      grvecs_rms  -228624.3     2199.8
  CGOPT     808  1.058e+01  6      grvecs_rms  -228624.3     2202.6
  CGOPT     809  1.018e+01  6      grvecs_rms  -228624.3     2205.5
  CGOPT     810  1.305e+01  5      grvecs_rms  -228624.3     2208.2
  CGOPT     811  9.297e+00  5      grvecs_rms  -228624.3     2211.0
  CGOPT     812  1.492e+01  4      grvecs_rms  -228624.3     2213.8
  CGOPT     813  1.412e+01  5      grvecs_rms  -228624.3     2216.5
  CGOPT     814  6.790e+00  4      grvecs_rms  -228624.3     2219.3
  CGOPT     815  9.828e+00  4      grvecs_rms  -228624.3     2222.1
  CGOPT     816  6.106e+00  4      grvecs_rms  -228624.3     2224.9
  CGOPT     817  8.434e+00  4      grvecs_rms  -228624.3     2227.8
  CGOPT     818  7.348e+00  4      grvecs_rms  -228624.3     2230.6
  CGOPT     819  1.052e+01  4      grvecs_rms  -228624.3     2233.3
  CGOPT     820  7.595e+00  5      grvecs_rms  -228624.3     2236.1
  CGOPT     821  9.929e+00  4      grvecs_rms  -228624.3     2238.9
  CGOPT     822  6.092e+00  4      grvecs_rms  -228624.3     2241.7
  CGOPT     823  6.668e+00  4      grvecs_rms  -228624.3     2244.4
  CGOPT     824  4.806e+00  4      grvecs_rms  -228624.3     2247.3
  CGOPT     825  6.567e+00  4      grvecs_rms  -228624.3     2250.1
  CGOPT     826  3.834e+00  4      grvecs_rms  -228624.3     2252.9
  CGOPT     827  5.602e+00  4      grvecs_rms  -228624.3     2255.7
  CGOPT     828  5.620e+00  4      grvecs_rms  -228624.3     2258.5
  CGOPT     829  5.326e+00  4      grvecs_rms  -228624.3     2261.2
  CGOPT     830  9.473e+00  4      grvecs_rms  -228624.3     2264.0
  CGOPT     831  6.542e+00  4      grvecs_rms  -228624.3     2266.8
  CGOPT     832  9.124e+00  4      grvecs_rms  -228624.3     2269.6
  CGOPT     833  7.957e+00  4      grvecs_rms  -228624.3     2272.4
  CGOPT     834  6.464e+00  4      grvecs_rms  -228624.4     2275.3
  CGOPT     835  9.080e+00  4      grvecs_rms  -228624.4     2278.1
  CGOPT     836  6.298e+00  4      grvecs_rms  -228624.4     2280.9
  CGOPT     837  6.976e+00  4      grvecs_rms  -228624.4     2283.7
  CGOPT     838  7.670e+00  4      grvecs_rms  -228624.4     2286.5
  CGOPT     839  7.763e+00  4      grvecs_rms  -228624.4     2289.2
  CGOPT     840  7.488e+00  4      grvecs_rms  -228624.4     2292.0
  CGOPT     841  6.952e+00  4      grvecs_rms  -228624.4     2294.8
  CGOPT     842  9.095e+00  4      grvecs_rms  -228624.4     2297.6
  CGOPT     843  6.311e+00  4      grvecs_rms  -228624.4     2300.5
  CGOPT     844  3.785e+00  4      grvecs_rms  -228624.4     2303.3
  CGOPT     845  8.269e+00  4      grvecs_rms  -228624.4     2306.0
  CGOPT     846  8.169e+00  4      grvecs_rms  -228624.4     2308.8
  CGOPT     847  1.153e+01  4      grvecs_rms  -228624.4     2311.6
  CGOPT     848  6.360e+00  4      grvecs_rms  -228624.4     2314.3
  CGOPT     849  7.524e+00  4      grvecs_rms  -228624.4     2317.1
  CGOPT     850  4.032e+00  4      grvecs_rms  -228624.4     2319.8
  CGOPT     851  1.303e+01  4      grvecs_rms  -228624.4     2322.7
  CGOPT     852  8.167e+00  4      grvecs_rms  -228624.4     2325.5
  CGOPT     853  1.187e+01  4      grvecs_rms  -228624.4     2328.4
  CGOPT     854  9.383e+00  4      grvecs_rms  -228624.4     2331.1
  CGOPT     855  9.453e+00  4      grvecs_rms  -228624.4     2333.9
  CGOPT     856  7.708e+00  4      grvecs_rms  -228624.4     2336.7
  CGOPT     857  8.958e+00  4      grvecs_rms  -228624.4     2339.4
  CGOPT     858  5.874e+00  4      grvecs_rms  -228624.4     2342.1
  CGOPT     859  1.085e+01  4      grvecs_rms  -228624.4     2344.8
  CGOPT     860  7.139e+00  4      grvecs_rms  -228624.4     2347.6
  CGOPT     861  9.832e+00  4      grvecs_rms  -228624.4     2350.3
  CGOPT     862  4.240e+00  4      grvecs_rms  -228624.4     2353.1
  CGOPT     863  1.059e+01  4      grvecs_rms  -228624.4     2355.9
  CGOPT     864  5.725e+00  4      grvecs_rms  -228624.4     2358.6
  CGOPT     865  8.452e+00  4      grvecs_rms  -228624.4     2361.4
  CGOPT     866  6.090e+00  4      grvecs_rms  -228624.4     2364.2
  CGOPT     867  7.341e+00  4      grvecs_rms  -228624.4     2367.0
  CGOPT     868  3.175e+00  4      grvecs_rms  -228624.4     2369.9
  CGOPT     869  9.123e+00  4      grvecs_rms  -228624.4     2372.7
  CGOPT     870  7.378e+00  4      grvecs_rms  -228624.4     2375.4
  CGOPT     871  5.944e+00  4      grvecs_rms  -228624.4     2378.2
  CGOPT     872  5.705e+00  4      grvecs_rms  -228624.4     2381.0
  CGOPT     873  5.886e+00  4      grvecs_rms  -228624.4     2383.7
  CGOPT     874  6.442e+00  4      grvecs_rms  -228624.4     2386.5
  CGOPT     875  8.024e+00  4      grvecs_rms  -228624.4     2389.4
  CGOPT     876  1.046e+01  4      grvecs_rms  -228624.4     2392.2
  CGOPT     877  9.288e+00  4      grvecs_rms  -228624.4     2395.0
  CGOPT     878  1.457e+01  4      grvecs_rms  -228624.4     2397.8
  CGOPT     879  6.939e+00  4      grvecs_rms  -228624.4     2400.6
  CGOPT     880  8.178e+00  4      grvecs_rms  -228624.4     2403.3
  CGOPT     881  6.465e+00  4      grvecs_rms  -228624.4     2406.1
  CGOPT     882  4.781e+00  4      grvecs_rms  -228624.4     2408.8
  CGOPT     883  8.131e+00  4      grvecs_rms  -228624.4     2411.7
  CGOPT     884  6.573e+00  4      grvecs_rms  -228624.4     2414.5
  CGOPT     885  5.169e+00  4      grvecs_rms  -228624.4     2417.3
  CGOPT     886  4.706e+00  4      grvecs_rms  -228624.4     2420.1
  CGOPT     887  8.609e+00  4      grvecs_rms  -228624.4     2422.9
  CGOPT     888  5.005e+00  4      grvecs_rms  -228624.4     2425.7
  CGOPT     889  9.541e+00  4      grvecs_rms  -228624.4     2428.4
  CGOPT     890  5.689e+00  4      grvecs_rms  -228624.4     2431.2
  CGOPT     891  7.116e+00  4      grvecs_rms  -228624.4     2434.0
  CGOPT     892  5.676e+00  4      grvecs_rms  -228624.4     2436.9
  CGOPT     893  8.491e+00  4      grvecs_rms  -228624.4     2439.7
  CGOPT     894  4.325e+00  4      grvecs_rms  -228624.4     2442.5
  CGOPT     895  8.778e+00  4      grvecs_rms  -228624.4     2445.2
  CGOPT     896  7.440e+00  4      grvecs_rms  -228624.4     2448.0
  CGOPT     897  7.354e+00  4      grvecs_rms  -228624.4     2450.8
  CGOPT     898  9.182e+00  4      grvecs_rms  -228624.4     2453.6
  CGOPT     899  5.090e+00  4      grvecs_rms  -228624.4     2456.4
  CGOPT     900  6.015e+00  4      grvecs_rms  -228624.4     2459.2
  CGOPT     901  5.757e+00  4      grvecs_rms  -228624.4     2462.0
  CGOPT     902  4.205e+00  4      grvecs_rms  -228624.4     2464.8
  CGOPT     903  5.133e+00  4      grvecs_rms  -228624.4     2467.6
  CGOPT     904  7.310e+00  4      grvecs_rms  -228624.5     2470.4
  CGOPT     905  5.618e+00  4      grvecs_rms  -228624.5     2473.1
  CGOPT     906  3.294e+00  4      grvecs_rms  -228624.5     2475.9
  CGOPT     907  7.096e+00  4      grvecs_rms  -228624.5     2478.7
  CGOPT     908  5.894e+00  4      grvecs_rms  -228624.5     2481.6
  CGOPT     909  4.497e+00  4      grvecs_rms  -228624.5     2484.4
  CGOPT     910  6.601e+00  4      grvecs_rms  -228624.5     2487.2
  CGOPT     911  4.477e+00  4      grvecs_rms  -228624.5     2490.0
  CGOPT     912  5.287e+00  4      grvecs_rms  -228624.5     2492.7
  CGOPT     913  6.354e+00  4      grvecs_rms  -228624.5     2495.5
  CGOPT     914  5.363e+00  4      grvecs_rms  -228624.5     2498.3
  CGOPT     915  6.648e+00  4      grvecs_rms  -228624.5     2501.0
  CGOPT     916  4.267e+00  4      grvecs_rms  -228624.5     2503.9
  CGOPT     917  6.948e+00  4      grvecs_rms  -228624.5     2506.7
  CGOPT     918  4.243e+00  4      grvecs_rms  -228624.5     2509.5
  CGOPT     919  6.500e+00  3      grvecs_rms  -228624.5     2512.3
  CGOPT     920  4.803e+00  4      grvecs_rms  -228624.5     2515.1
  CGOPT     921  7.161e+00  4      grvecs_rms  -228624.5     2517.9
  CGOPT     922  4.779e+00  4      grvecs_rms  -228624.5     2520.6
  CGOPT     923  7.780e+00  4      grvecs_rms  -228624.5     2523.4
  CGOPT     924  6.177e+00  4      grvecs_rms  -228624.5     2526.2
  CGOPT     925  1.256e+01  4      grvecs_rms  -228624.5     2529.1
  CGOPT     926  2.811e+00  4      grvecs_rms  -228624.5     2531.9
  CGOPT     927  9.155e+00  4      grvecs_rms  -228624.5     2534.7
  CGOPT     928  1.591e+00  3      grvecs_rms  -228624.5     2537.4
  CGOPT     929  6.963e+00  4      grvecs_rms  -228624.5     2540.2
  CGOPT     930  6.728e+00  4      grvecs_rms  -228624.5     2543.0
  CGOPT     931  1.133e+01  3      grvecs_rms  -228624.5     2545.7
  CGOPT     932  7.201e+00  4      grvecs_rms  -228624.5     2548.5
  CGOPT     933  7.330e+00  4      grvecs_rms  -228624.5     2551.4
  CGOPT     934  1.070e+01  4      grvecs_rms  -228624.5     2554.2
  CGOPT     935  3.547e+00  2      grvecs_rms  -228624.5     2557.0
  CGOPT     936  5.741e+00  3      grvecs_rms  -228624.5     2559.8
  CGOPT     937  6.646e+00  4      grvecs_rms  -228624.5     2562.6
  CGOPT     938  4.610e+00  2      grvecs_rms  -228624.5     2565.3
  CGOPT     939  1.060e+01  3      grvecs_rms  -228624.5     2568.1
  CGOPT     940  6.667e+00  4      grvecs_rms  -228624.5     2570.9
  CGOPT     941  7.586e+00  2      grvecs_rms  -228624.5     2573.7
  CGOPT     942  6.283e+00  2      grvecs_rms  -228624.5     2576.6
  CGOPT     943  5.914e+00  2      grvecs_rms  -228624.5     2579.4
  CGOPT     944  2.780e+00  2      grvecs_rms  -228624.5     2582.2
  CGOPT     945  4.660e+00  2      grvecs_rms  -228624.5     2585.0
  CGOPT     946  5.119e+00  2      grvecs_rms  -228624.5     2587.7
  CGOPT     947  5.687e+00  3      grvecs_rms  -228624.5     2590.5
  CGOPT     948  5.692e+00  2      grvecs_rms  -228624.5     2593.2
  CGOPT     949  7.886e+00  2      grvecs_rms  -228624.5     2596.0
  CGOPT     950  6.927e+00  3      grvecs_rms  -228624.5     2598.9
  CGOPT     951  8.676e+00  2      grvecs_rms  -228624.5     2601.7
  CGOPT     952  5.013e+00  3      grvecs_rms  -228624.5     2604.5
  CGOPT     953  6.118e+00  2      grvecs_rms  -228624.5     2607.3
  CGOPT     954  6.527e+00  2      grvecs_rms  -228624.5     2610.1
  CGOPT     955  8.475e+00  3      grvecs_rms  -228624.5     2612.8
  CGOPT     956  5.527e+00  3      grvecs_rms  -228624.5     2615.6
  CGOPT     957  5.741e+00  2      grvecs_rms  -228624.5     2618.4
  CGOPT     958  4.530e+00  2      grvecs_rms  -228624.5     2621.2
  CGOPT     959  6.043e+00  3      grvecs_rms  -228624.5     2624.1
  CGOPT     960  5.047e+00  2      grvecs_rms  -228624.5     2626.8
  CGOPT     961  5.827e+00  2      grvecs_rms  -228624.5     2629.6
  CGOPT     962  3.677e+00  3      grvecs_rms  -228624.5     2632.4
  CGOPT     963  4.505e+00  2      grvecs_rms  -228624.5     2635.1
  CGOPT     964  6.168e+00  2      grvecs_rms  -228624.5     2637.9
  CGOPT     965  5.362e+00  2      grvecs_rms  -228624.5     2640.7
  CGOPT     966  4.174e+00  2      grvecs_rms  -228624.5     2643.5
  CGOPT     967  2.270e+00  2      grvecs_rms  -228624.5     2646.4
  CGOPT     968  2.796e+00  3      grvecs_rms  -228624.5     2649.1
  CGOPT     969  2.073e+00  1      grvecs_rms  -228624.5     2651.9
  CGOPT     970  4.097e+00  2      grvecs_rms  -228624.5     2654.7
  CGOPT     971  5.543e+00  2      grvecs_rms  -228624.5     2657.5
  CGOPT     972  3.299e+00  2      grvecs_rms  -228624.5     2660.2
  CGOPT     973  3.809e+00  2      grvecs_rms  -228624.5     2663.0
  CGOPT     974  4.007e+00  3      grvecs_rms  -228624.5     2665.9
  CGOPT     975  3.937e+00  3      grvecs_rms  -228624.5     2668.7
  CGOPT     976  4.131e+00  3      grvecs_rms  -228624.5     2671.5
  CGOPT     977  3.446e+00  3      grvecs_rms  -228624.5     2674.3
  CGOPT     978  3.728e+00  3      grvecs_rms  -228624.5     2677.0
  CGOPT     979  4.045e+00  2      grvecs_rms  -228624.5     2679.8
  CGOPT     980  4.110e+00  3      grvecs_rms  -228624.5     2682.6
  CGOPT     981  7.870e+00  2      grvecs_rms  -228624.5     2685.3
  CGOPT     982  4.630e+00  2      grvecs_rms  -228624.5     2688.2
  CGOPT     983  3.037e+00  2      grvecs_rms  -228624.5     2691.0
  CGOPT     984  4.252e+00  2      grvecs_rms  -228624.5     2693.8
  CGOPT     985  1.629e+00  1      grvecs_rms  -228624.5     2696.6
  CGOPT     986  9.825e-01  0      grvecs_rms  -228624.5     2699.4
  CGOPT  
  CGOPT Final Unit Cell:
  CGOPT ----------------
  CGOPT - cell vectors:
  CGOPT     a =    45.9015     0.0005    -0.0068
  CGOPT     b =   -22.9505    39.7525     0.0031
  CGOPT     c =    -0.0105     0.0034    37.8058
  CGOPT  
  CGOPT - lengths, angles and volume:
  CGOPT     |a|  =    45.9015
  CGOPT     |b|  =    45.9019
  CGOPT     |c|  =    37.8058
  CGOPT     alpha =   89.98368
  CGOPT      beta =   90.02438
  CGOPT     gamma =  119.99876
  CGOPT     volume =  68984.618
  CGOPT ~~~~~~~~~~~~~~~~~~~~~~~~~~~~~~~~~~~~~~~~~~~~~~~~~~~~~~~~~~~~~~~~~~~~~~~~

    ENV User:           vsc42354
    ENV Platform:       Linux-4.18.0-477.43.1.el8_8.x86_64-x86_64-with-redhat-8.
    ENV                 8-Ootpa
    ENV Time:           2024-03-14T11:44:14.612429
    ENV Python version: 3.7.4 (default, Sep 11 2020, 18:31:13) [GCC 8.3.0]
    ENV YAFF version:   1.6.0
    ENV Current Dir:    /kyukon/data/gent/vo/000/gvo00003/vsc42354/PhD/Projects/
    ENV                 GeometryConstructions/Rasha/Output/PA_TP/Inclination/out
    ENV                 put/12layers/ABCDEF_none
    ENV Command line:   opt.py

  TIMER Overview of CPU time usage.
  TIMER ~~~~~~~~~~~~~~~~~~~~~~~~~~~~~~~~~~~~~~~~~~~~~~~~~~~~~~~~~~~~~~~~~~~~~~~~
  TIMER Label             Total      Own
  TIMER ~~~~~~~~~~~~~~~~~~~~~~~~~~~~~~~~~~~~~~~~~~~~~~~~~~~~~~~~~~~~~~~~~~~~~~~~
  TIMER CGOPT            2688.3      6.9                                        
  TIMER CGOPT hooks         0.1      0.1                                        
  TIMER Ewald corr.         0.2      0.2                                        
  TIMER Ewald neut.         0.2      0.2                                        
  TIMER Ewald reci.       535.5    535.4 WWWWWWWWWWWWWWWWWWW                    
  TIMER Generator           4.1      4.1                                        
  TIMER Nlists           1094.6   1094.5 WWWWWWWWWWWWWWWWWWWWWWWWWWWWWWWWWWWWWWW
  TIMER PP ei             733.7    733.6 WWWWWWWWWWWWWWWWWWWWWWWWWW             
  TIMER PP mm3            305.4    305.4 WWWWWWWWWW                             
  TIMER Total            2693.0      0.5                                        
  TIMER Valence            11.7     11.7                                        
  TIMER ~~~~~~~~~~~~~~~~~~~~~~~~~~~~~~~~~~~~~~~~~~~~~~~~~~~~~~~~~~~~~~~~~~~~~~~~

__/\\\__________________________________________________________________/\\\____
  \ \\\                                                                 \ \\\
   \ \\\      End of file. Thanks for using Yaff! Come back soon!!       \ \\\
____\///__________________________________________________________________\///__

